2021/06/04 05:08:13 [INFO] Terraform version: 0.14.6  
2021/06/04 05:08:13 [INFO] Go runtime version: go1.15.6
2021/06/04 05:08:13 [INFO] CLI args: []string{"/home/rajnesh-siwal-personal/tfenv/versions/0.14.6/terraform", "apply"}
2021/06/04 05:08:13 [DEBUG] Attempting to open CLI config file: /home/rajnesh-siwal-personal/.terraformrc
2021/06/04 05:08:13 [DEBUG] File doesn't exist, but doesn't need to. Ignoring.
2021/06/04 05:08:13 [DEBUG] ignoring non-existing provider search directory terraform.d/plugins
2021/06/04 05:08:13 [DEBUG] ignoring non-existing provider search directory /home/rajnesh-siwal-personal/.terraform.d/plugins
2021/06/04 05:08:13 [DEBUG] ignoring non-existing provider search directory /home/rajnesh-siwal-personal/.local/share/terraform/plugins
2021/06/04 05:08:13 [DEBUG] ignoring non-existing provider search directory /usr/share/plasma/terraform/plugins
2021/06/04 05:08:13 [DEBUG] ignoring non-existing provider search directory /usr/local/share/terraform/plugins
2021/06/04 05:08:13 [DEBUG] ignoring non-existing provider search directory /usr/share/terraform/plugins
2021/06/04 05:08:13 [DEBUG] ignoring non-existing provider search directory /var/lib/snapd/desktop/terraform/plugins
2021/06/04 05:08:13 [INFO] CLI command args: []string{"apply"}
2021/06/04 05:08:13 [TRACE] Meta.Backend: no config given or present on disk, so returning nil config
2021/06/04 05:08:13 [TRACE] Meta.Backend: backend has not previously been initialized in this working directory
2021/06/04 05:08:13 [DEBUG] New state was assigned lineage "85976d10-b2ea-d62f-8a61-3c1ac6fc4e88"
2021/06/04 05:08:13 [TRACE] Meta.Backend: using default local state only (no backend configuration, and no existing initialized backend)
2021/06/04 05:08:13 [TRACE] Meta.Backend: instantiated backend of type <nil>
2021/06/04 05:08:13 [TRACE] providercache.fillMetaCache: scanning directory .terraform/providers
2021/06/04 05:08:13 [TRACE] getproviders.SearchLocalDirectory: .terraform/providers is a symlink to .terraform/providers
2021/06/04 05:08:13 [TRACE] getproviders.SearchLocalDirectory: found registry.terraform.io/oboukili/argocd v1.2.0 for linux_amd64 at .terraform/providers/registry.terraform.io/oboukili/argocd/1.2.0/linux_amd64
2021/06/04 05:08:13 [TRACE] getproviders.SearchLocalDirectory: found registry.terraform.io/oboukili/argocd v1.2.1 for linux_amd64 at .terraform/providers/registry.terraform.io/oboukili/argocd/1.2.1/linux_amd64
2021/06/04 05:08:13 [TRACE] providercache.fillMetaCache: including .terraform/providers/registry.terraform.io/oboukili/argocd/1.2.0/linux_amd64 as a candidate package for registry.terraform.io/oboukili/argocd 1.2.0
2021/06/04 05:08:13 [TRACE] providercache.fillMetaCache: including .terraform/providers/registry.terraform.io/oboukili/argocd/1.2.1/linux_amd64 as a candidate package for registry.terraform.io/oboukili/argocd 1.2.1
2021/06/04 05:08:13 [DEBUG] checking for provisioner in "."
2021/06/04 05:08:13 [DEBUG] checking for provisioner in "/home/rajnesh-siwal-personal/tfenv/versions/0.14.6"
2021/06/04 05:08:13 [INFO] Failed to read plugin lock file .terraform/plugins/linux_amd64/lock.json: open .terraform/plugins/linux_amd64/lock.json: no such file or directory
2021/06/04 05:08:13 [TRACE] Meta.Backend: backend <nil> does not support operations, so wrapping it in a local backend
2021/06/04 05:08:13 [INFO] backend/local: starting Apply operation
2021/06/04 05:08:13 [TRACE] backend/local: requesting state manager for workspace "default"
2021/06/04 05:08:13 [TRACE] backend/local: state manager for workspace "default" will:
 - read initial snapshot from terraform.tfstate
 - write new snapshots to terraform.tfstate
 - create any backup at terraform.tfstate.backup
2021/06/04 05:08:13 [TRACE] backend/local: requesting state lock for workspace "default"
2021/06/04 05:08:13 [TRACE] statemgr.Filesystem: preparing to manage state snapshots at terraform.tfstate
2021/06/04 05:08:13 [TRACE] statemgr.Filesystem: existing snapshot has lineage "ffd0e68a-3486-eab4-a6b5-5265c6c7d059" serial 15
2021/06/04 05:08:13 [TRACE] statemgr.Filesystem: locking terraform.tfstate using fcntl flock
2021/06/04 05:08:13 [TRACE] statemgr.Filesystem: writing lock metadata to .terraform.tfstate.lock.info
2021/06/04 05:08:13 [TRACE] backend/local: reading remote state for workspace "default"
2021/06/04 05:08:13 [TRACE] statemgr.Filesystem: reading latest snapshot from terraform.tfstate
2021/06/04 05:08:13 [TRACE] statemgr.Filesystem: read snapshot with lineage "ffd0e68a-3486-eab4-a6b5-5265c6c7d059" serial 15
2021/06/04 05:08:13 [TRACE] backend/local: retrieving local state snapshot for workspace "default"
2021/06/04 05:08:13 [TRACE] backend/local: building context for current working directory
2021/06/04 05:08:13 [TRACE] terraform.NewContext: starting
2021/06/04 05:08:13 [TRACE] terraform.NewContext: loading provider schemas
2021/06/04 05:08:13 [TRACE] LoadSchemas: retrieving schema for provider type "registry.terraform.io/oboukili/argocd"
2021-06-04T05:08:13.430-0700 [INFO]  plugin: configuring client automatic mTLS
2021-06-04T05:08:13.464-0700 [DEBUG] plugin: starting plugin: path=.terraform/providers/registry.terraform.io/oboukili/argocd/1.2.1/linux_amd64/terraform-provider-argocd_v1.2.1 args=[.terraform/providers/registry.terraform.io/oboukili/argocd/1.2.1/linux_amd64/terraform-provider-argocd_v1.2.1]
2021-06-04T05:08:13.464-0700 [DEBUG] plugin: plugin started: path=.terraform/providers/registry.terraform.io/oboukili/argocd/1.2.1/linux_amd64/terraform-provider-argocd_v1.2.1 pid=71074
2021-06-04T05:08:13.464-0700 [DEBUG] plugin: waiting for RPC address: path=.terraform/providers/registry.terraform.io/oboukili/argocd/1.2.1/linux_amd64/terraform-provider-argocd_v1.2.1
2021-06-04T05:08:13.499-0700 [INFO]  plugin.terraform-provider-argocd_v1.2.1: configuring server automatic mTLS: timestamp=2021-06-04T05:08:13.498-0700
2021-06-04T05:08:13.524-0700 [DEBUG] plugin: using plugin: version=5
2021-06-04T05:08:13.524-0700 [DEBUG] plugin.terraform-provider-argocd_v1.2.1: plugin address: network=unix address=/tmp/plugin841960889 timestamp=2021-06-04T05:08:13.524-0700
2021/06/04 05:08:13 [TRACE] GRPCProvider: GetSchema
2021-06-04T05:08:13.588-0700 [TRACE] plugin.stdio: waiting for stdio data
2021/06/04 05:08:13 [TRACE] No provider meta schema returned
2021/06/04 05:08:13 [TRACE] GRPCProvider: Close
2021-06-04T05:08:13.592-0700 [WARN]  plugin.stdio: received EOF, stopping recv loop: err="rpc error: code = Unavailable desc = transport is closing"
2021-06-04T05:08:13.593-0700 [DEBUG] plugin: plugin process exited: path=.terraform/providers/registry.terraform.io/oboukili/argocd/1.2.1/linux_amd64/terraform-provider-argocd_v1.2.1 pid=71074
2021-06-04T05:08:13.593-0700 [DEBUG] plugin: plugin exited
2021/06/04 05:08:13 [TRACE] terraform.NewContext: complete
2021/06/04 05:08:13 [TRACE] backend/local: finished building terraform.Context
2021/06/04 05:08:13 [TRACE] backend/local: requesting interactive input, if necessary
2021/06/04 05:08:13 [TRACE] Context.Input: Prompting for provider arguments
2021/06/04 05:08:13 [TRACE] Context.Input: Provider provider.argocd declared at providers.tf:10,1-18
2021/06/04 05:08:13 [TRACE] Context.Input: Input for provider.argocd: map[string]cty.Value{}
2021/06/04 05:08:13 [TRACE] backend/local: running validation operation
2021/06/04 05:08:13 [INFO] terraform: building graph: GraphTypeValidate
2021/06/04 05:08:13 [TRACE] Executing graph transform *terraform.ConfigTransformer
2021/06/04 05:08:13 [TRACE] ConfigTransformer: Starting for path: 
2021/06/04 05:08:13 [TRACE] Completed graph transform *terraform.ConfigTransformer with new graph:
  argocd_application.simple-webapp - *terraform.NodeValidatableResource
  argocd_project.lab - *terraform.NodeValidatableResource
  ------
2021/06/04 05:08:13 [TRACE] Executing graph transform *terraform.RootVariableTransformer
2021/06/04 05:08:13 [TRACE] Completed graph transform *terraform.RootVariableTransformer with new graph:
  argocd_application.simple-webapp - *terraform.NodeValidatableResource
  argocd_project.lab - *terraform.NodeValidatableResource
  var.GIT_USERNAME - *terraform.NodeRootVariable
  var.clusters - *terraform.NodeRootVariable
  ------
2021/06/04 05:08:13 [TRACE] Executing graph transform *terraform.ModuleVariableTransformer
2021/06/04 05:08:13 [TRACE] Completed graph transform *terraform.ModuleVariableTransformer (no changes)
2021/06/04 05:08:13 [TRACE] Executing graph transform *terraform.LocalTransformer
2021/06/04 05:08:13 [TRACE] Completed graph transform *terraform.LocalTransformer (no changes)
2021/06/04 05:08:13 [TRACE] Executing graph transform *terraform.OutputTransformer
2021/06/04 05:08:13 [TRACE] Completed graph transform *terraform.OutputTransformer (no changes)
2021/06/04 05:08:13 [TRACE] Executing graph transform *terraform.OrphanResourceInstanceTransformer
2021/06/04 05:08:13 [TRACE] Completed graph transform *terraform.OrphanResourceInstanceTransformer (no changes)
2021/06/04 05:08:13 [TRACE] Executing graph transform *terraform.StateTransformer
2021/06/04 05:08:13 [TRACE] StateTransformer: state is empty, so nothing to do
2021/06/04 05:08:13 [TRACE] Completed graph transform *terraform.StateTransformer (no changes)
2021/06/04 05:08:13 [TRACE] Executing graph transform *terraform.AttachStateTransformer
2021/06/04 05:08:13 [TRACE] Completed graph transform *terraform.AttachStateTransformer (no changes)
2021/06/04 05:08:13 [TRACE] Executing graph transform *terraform.OrphanOutputTransformer
2021/06/04 05:08:13 [TRACE] Completed graph transform *terraform.OrphanOutputTransformer (no changes)
2021/06/04 05:08:13 [TRACE] Executing graph transform *terraform.AttachResourceConfigTransformer
2021/06/04 05:08:13 [TRACE] AttachResourceConfigTransformer: attaching to "argocd_application.simple-webapp" (*terraform.NodeValidatableResource) config from applications.tf:1,1-46
2021/06/04 05:08:13 [TRACE] AttachResourceConfigTransformer: attaching provider meta configs to argocd_application.simple-webapp
2021/06/04 05:08:13 [TRACE] AttachResourceConfigTransformer: attaching to "argocd_project.lab" (*terraform.NodeValidatableResource) config from projects.tf:1,1-32
2021/06/04 05:08:13 [TRACE] AttachResourceConfigTransformer: attaching provider meta configs to argocd_project.lab
2021/06/04 05:08:13 [TRACE] Completed graph transform *terraform.AttachResourceConfigTransformer (no changes)
2021/06/04 05:08:13 [TRACE] Executing graph transform *terraform.MissingProvisionerTransformer
2021/06/04 05:08:13 [TRACE] Completed graph transform *terraform.MissingProvisionerTransformer (no changes)
2021/06/04 05:08:13 [TRACE] Executing graph transform *terraform.ProvisionerTransformer
2021/06/04 05:08:13 [TRACE] Completed graph transform *terraform.ProvisionerTransformer (no changes)
2021/06/04 05:08:13 [TRACE] Executing graph transform *terraform.graphTransformerMulti
2021/06/04 05:08:13 [TRACE] (graphTransformerMulti) Executing graph transform *terraform.ProviderConfigTransformer
2021/06/04 05:08:13 [TRACE] ProviderConfigTransformer: attaching to "provider[\"registry.terraform.io/oboukili/argocd\"]" provider configuration from providers.tf:10,1-18
2021/06/04 05:08:13 [TRACE] (graphTransformerMulti) Completed graph transform *terraform.ProviderConfigTransformer with new graph:
  argocd_application.simple-webapp - *terraform.NodeValidatableResource
  argocd_project.lab - *terraform.NodeValidatableResource
  provider["registry.terraform.io/oboukili/argocd"] - *terraform.NodeApplyableProvider
  var.GIT_USERNAME - *terraform.NodeRootVariable
  var.clusters - *terraform.NodeRootVariable
  ------
2021/06/04 05:08:13 [TRACE] (graphTransformerMulti) Executing graph transform *terraform.MissingProviderTransformer
2021/06/04 05:08:13 [TRACE] (graphTransformerMulti) Completed graph transform *terraform.MissingProviderTransformer (no changes)
2021/06/04 05:08:13 [TRACE] (graphTransformerMulti) Executing graph transform *terraform.ProviderTransformer
2021/06/04 05:08:13 [TRACE] ProviderTransformer: exact match for provider["registry.terraform.io/oboukili/argocd"] serving argocd_application.simple-webapp
2021/06/04 05:08:13 [DEBUG] ProviderTransformer: "argocd_application.simple-webapp" (*terraform.NodeValidatableResource) needs provider["registry.terraform.io/oboukili/argocd"]
2021/06/04 05:08:13 [TRACE] ProviderTransformer: exact match for provider["registry.terraform.io/oboukili/argocd"] serving argocd_project.lab
2021/06/04 05:08:13 [DEBUG] ProviderTransformer: "argocd_project.lab" (*terraform.NodeValidatableResource) needs provider["registry.terraform.io/oboukili/argocd"]
2021/06/04 05:08:13 [TRACE] (graphTransformerMulti) Completed graph transform *terraform.ProviderTransformer with new graph:
  argocd_application.simple-webapp - *terraform.NodeValidatableResource
    provider["registry.terraform.io/oboukili/argocd"] - *terraform.NodeApplyableProvider
  argocd_project.lab - *terraform.NodeValidatableResource
    provider["registry.terraform.io/oboukili/argocd"] - *terraform.NodeApplyableProvider
  provider["registry.terraform.io/oboukili/argocd"] - *terraform.NodeApplyableProvider
  var.GIT_USERNAME - *terraform.NodeRootVariable
  var.clusters - *terraform.NodeRootVariable
  ------
2021/06/04 05:08:13 [TRACE] (graphTransformerMulti) Executing graph transform *terraform.PruneProviderTransformer
2021/06/04 05:08:13 [TRACE] (graphTransformerMulti) Completed graph transform *terraform.PruneProviderTransformer (no changes)
2021/06/04 05:08:13 [TRACE] (graphTransformerMulti) Executing graph transform *terraform.ParentProviderTransformer
2021/06/04 05:08:13 [TRACE] (graphTransformerMulti) Completed graph transform *terraform.ParentProviderTransformer (no changes)
2021/06/04 05:08:13 [TRACE] Completed graph transform *terraform.graphTransformerMulti with new graph:
  argocd_application.simple-webapp - *terraform.NodeValidatableResource
    provider["registry.terraform.io/oboukili/argocd"] - *terraform.NodeApplyableProvider
  argocd_project.lab - *terraform.NodeValidatableResource
    provider["registry.terraform.io/oboukili/argocd"] - *terraform.NodeApplyableProvider
  provider["registry.terraform.io/oboukili/argocd"] - *terraform.NodeApplyableProvider
  var.GIT_USERNAME - *terraform.NodeRootVariable
  var.clusters - *terraform.NodeRootVariable
  ------
2021/06/04 05:08:13 [TRACE] Executing graph transform *terraform.RemovedModuleTransformer
2021/06/04 05:08:13 [TRACE] Completed graph transform *terraform.RemovedModuleTransformer (no changes)
2021/06/04 05:08:13 [TRACE] Executing graph transform *terraform.AttachSchemaTransformer
2021/06/04 05:08:13 [TRACE] AttachSchemaTransformer: attaching provider config schema to provider["registry.terraform.io/oboukili/argocd"]
2021/06/04 05:08:13 [TRACE] AttachSchemaTransformer: attaching resource schema to argocd_application.simple-webapp
2021/06/04 05:08:13 [TRACE] AttachSchemaTransformer: attaching resource schema to argocd_project.lab
2021/06/04 05:08:13 [TRACE] Completed graph transform *terraform.AttachSchemaTransformer (no changes)
2021/06/04 05:08:13 [TRACE] Executing graph transform *terraform.ModuleExpansionTransformer
2021/06/04 05:08:13 [TRACE] Completed graph transform *terraform.ModuleExpansionTransformer (no changes)
2021/06/04 05:08:13 [TRACE] Executing graph transform *terraform.ReferenceTransformer
2021/06/04 05:08:13 [DEBUG] ReferenceTransformer: "argocd_application.simple-webapp" references: []
2021/06/04 05:08:13 [DEBUG] ReferenceTransformer: "argocd_project.lab" references: []
2021/06/04 05:08:13 [DEBUG] ReferenceTransformer: "var.clusters" references: []
2021/06/04 05:08:13 [DEBUG] ReferenceTransformer: "var.GIT_USERNAME" references: []
2021/06/04 05:08:13 [DEBUG] ReferenceTransformer: "provider[\"registry.terraform.io/oboukili/argocd\"]" references: []
2021/06/04 05:08:13 [TRACE] Completed graph transform *terraform.ReferenceTransformer (no changes)
2021/06/04 05:08:13 [TRACE] Executing graph transform *terraform.AttachDependenciesTransformer
2021/06/04 05:08:13 [TRACE] Completed graph transform *terraform.AttachDependenciesTransformer (no changes)
2021/06/04 05:08:13 [TRACE] Executing graph transform *terraform.attachDataResourceDependenciesTransformer
2021/06/04 05:08:13 [TRACE] Completed graph transform *terraform.attachDataResourceDependenciesTransformer (no changes)
2021/06/04 05:08:13 [TRACE] Executing graph transform *terraform.TargetsTransformer
2021/06/04 05:08:13 [TRACE] Completed graph transform *terraform.TargetsTransformer (no changes)
2021/06/04 05:08:13 [TRACE] Executing graph transform *terraform.ForcedCBDTransformer
2021/06/04 05:08:13 [TRACE] Completed graph transform *terraform.ForcedCBDTransformer (no changes)
2021/06/04 05:08:13 [TRACE] Executing graph transform *terraform.CountBoundaryTransformer
2021/06/04 05:08:13 [TRACE] Completed graph transform *terraform.CountBoundaryTransformer with new graph:
  argocd_application.simple-webapp - *terraform.NodeValidatableResource
    provider["registry.terraform.io/oboukili/argocd"] - *terraform.NodeApplyableProvider
  argocd_project.lab - *terraform.NodeValidatableResource
    provider["registry.terraform.io/oboukili/argocd"] - *terraform.NodeApplyableProvider
  meta.count-boundary (EachMode fixup) - *terraform.NodeCountBoundary
    argocd_application.simple-webapp - *terraform.NodeValidatableResource
    argocd_project.lab - *terraform.NodeValidatableResource
    provider["registry.terraform.io/oboukili/argocd"] - *terraform.NodeApplyableProvider
    var.GIT_USERNAME - *terraform.NodeRootVariable
    var.clusters - *terraform.NodeRootVariable
  provider["registry.terraform.io/oboukili/argocd"] - *terraform.NodeApplyableProvider
  var.GIT_USERNAME - *terraform.NodeRootVariable
  var.clusters - *terraform.NodeRootVariable
  ------
2021/06/04 05:08:13 [TRACE] Executing graph transform *terraform.CloseProviderTransformer
2021/06/04 05:08:13 [TRACE] Completed graph transform *terraform.CloseProviderTransformer with new graph:
  argocd_application.simple-webapp - *terraform.NodeValidatableResource
    provider["registry.terraform.io/oboukili/argocd"] - *terraform.NodeApplyableProvider
  argocd_project.lab - *terraform.NodeValidatableResource
    provider["registry.terraform.io/oboukili/argocd"] - *terraform.NodeApplyableProvider
  meta.count-boundary (EachMode fixup) - *terraform.NodeCountBoundary
    argocd_application.simple-webapp - *terraform.NodeValidatableResource
    argocd_project.lab - *terraform.NodeValidatableResource
    provider["registry.terraform.io/oboukili/argocd"] - *terraform.NodeApplyableProvider
    var.GIT_USERNAME - *terraform.NodeRootVariable
    var.clusters - *terraform.NodeRootVariable
  provider["registry.terraform.io/oboukili/argocd"] - *terraform.NodeApplyableProvider
  provider["registry.terraform.io/oboukili/argocd"] (close) - *terraform.graphNodeCloseProvider
    argocd_application.simple-webapp - *terraform.NodeValidatableResource
    argocd_project.lab - *terraform.NodeValidatableResource
    provider["registry.terraform.io/oboukili/argocd"] - *terraform.NodeApplyableProvider
  var.GIT_USERNAME - *terraform.NodeRootVariable
  var.clusters - *terraform.NodeRootVariable
  ------
2021/06/04 05:08:13 [TRACE] Executing graph transform *terraform.CloseRootModuleTransformer
2021/06/04 05:08:13 [TRACE] Completed graph transform *terraform.CloseRootModuleTransformer with new graph:
  argocd_application.simple-webapp - *terraform.NodeValidatableResource
    provider["registry.terraform.io/oboukili/argocd"] - *terraform.NodeApplyableProvider
  argocd_project.lab - *terraform.NodeValidatableResource
    provider["registry.terraform.io/oboukili/argocd"] - *terraform.NodeApplyableProvider
  meta.count-boundary (EachMode fixup) - *terraform.NodeCountBoundary
    argocd_application.simple-webapp - *terraform.NodeValidatableResource
    argocd_project.lab - *terraform.NodeValidatableResource
    provider["registry.terraform.io/oboukili/argocd"] - *terraform.NodeApplyableProvider
    var.GIT_USERNAME - *terraform.NodeRootVariable
    var.clusters - *terraform.NodeRootVariable
  provider["registry.terraform.io/oboukili/argocd"] - *terraform.NodeApplyableProvider
  provider["registry.terraform.io/oboukili/argocd"] (close) - *terraform.graphNodeCloseProvider
    argocd_application.simple-webapp - *terraform.NodeValidatableResource
    argocd_project.lab - *terraform.NodeValidatableResource
    provider["registry.terraform.io/oboukili/argocd"] - *terraform.NodeApplyableProvider
  root - *terraform.nodeCloseModule
    meta.count-boundary (EachMode fixup) - *terraform.NodeCountBoundary
    provider["registry.terraform.io/oboukili/argocd"] (close) - *terraform.graphNodeCloseProvider
  var.GIT_USERNAME - *terraform.NodeRootVariable
  var.clusters - *terraform.NodeRootVariable
  ------
2021/06/04 05:08:13 [TRACE] Executing graph transform *terraform.TransitiveReductionTransformer
2021/06/04 05:08:13 [TRACE] Completed graph transform *terraform.TransitiveReductionTransformer with new graph:
  argocd_application.simple-webapp - *terraform.NodeValidatableResource
    provider["registry.terraform.io/oboukili/argocd"] - *terraform.NodeApplyableProvider
  argocd_project.lab - *terraform.NodeValidatableResource
    provider["registry.terraform.io/oboukili/argocd"] - *terraform.NodeApplyableProvider
  meta.count-boundary (EachMode fixup) - *terraform.NodeCountBoundary
    argocd_application.simple-webapp - *terraform.NodeValidatableResource
    argocd_project.lab - *terraform.NodeValidatableResource
    var.GIT_USERNAME - *terraform.NodeRootVariable
    var.clusters - *terraform.NodeRootVariable
  provider["registry.terraform.io/oboukili/argocd"] - *terraform.NodeApplyableProvider
  provider["registry.terraform.io/oboukili/argocd"] (close) - *terraform.graphNodeCloseProvider
    argocd_application.simple-webapp - *terraform.NodeValidatableResource
    argocd_project.lab - *terraform.NodeValidatableResource
  root - *terraform.nodeCloseModule
    meta.count-boundary (EachMode fixup) - *terraform.NodeCountBoundary
    provider["registry.terraform.io/oboukili/argocd"] (close) - *terraform.graphNodeCloseProvider
  var.GIT_USERNAME - *terraform.NodeRootVariable
  var.clusters - *terraform.NodeRootVariable
  ------
2021/06/04 05:08:13 [DEBUG] Starting graph walk: walkValidate
2021/06/04 05:08:13 [TRACE] dag/walk: visiting "var.clusters"
2021/06/04 05:08:13 [TRACE] vertex "var.clusters": starting visit (*terraform.NodeRootVariable)
2021/06/04 05:08:13 [TRACE] dag/walk: visiting "var.GIT_USERNAME"
2021/06/04 05:08:13 [TRACE] vertex "var.GIT_USERNAME": starting visit (*terraform.NodeRootVariable)
2021/06/04 05:08:13 [TRACE] vertex "var.clusters": visit complete
2021/06/04 05:08:13 [TRACE] vertex "var.GIT_USERNAME": visit complete
2021/06/04 05:08:13 [TRACE] dag/walk: visiting "provider[\"registry.terraform.io/oboukili/argocd\"]"
2021/06/04 05:08:13 [TRACE] vertex "provider[\"registry.terraform.io/oboukili/argocd\"]": starting visit (*terraform.NodeApplyableProvider)
2021-06-04T05:08:13.594-0700 [INFO]  plugin: configuring client automatic mTLS
2021-06-04T05:08:13.618-0700 [DEBUG] plugin: starting plugin: path=.terraform/providers/registry.terraform.io/oboukili/argocd/1.2.1/linux_amd64/terraform-provider-argocd_v1.2.1 args=[.terraform/providers/registry.terraform.io/oboukili/argocd/1.2.1/linux_amd64/terraform-provider-argocd_v1.2.1]
2021-06-04T05:08:13.619-0700 [DEBUG] plugin: plugin started: path=.terraform/providers/registry.terraform.io/oboukili/argocd/1.2.1/linux_amd64/terraform-provider-argocd_v1.2.1 pid=71087
2021-06-04T05:08:13.619-0700 [DEBUG] plugin: waiting for RPC address: path=.terraform/providers/registry.terraform.io/oboukili/argocd/1.2.1/linux_amd64/terraform-provider-argocd_v1.2.1
2021-06-04T05:08:13.654-0700 [INFO]  plugin.terraform-provider-argocd_v1.2.1: configuring server automatic mTLS: timestamp=2021-06-04T05:08:13.654-0700
2021-06-04T05:08:13.678-0700 [DEBUG] plugin: using plugin: version=5
2021-06-04T05:08:13.678-0700 [DEBUG] plugin.terraform-provider-argocd_v1.2.1: plugin address: address=/tmp/plugin594765288 network=unix timestamp=2021-06-04T05:08:13.678-0700
2021/06/04 05:08:13 [TRACE] BuiltinEvalContext: Initialized "provider[\"registry.terraform.io/oboukili/argocd\"]" provider for provider["registry.terraform.io/oboukili/argocd"]
2021/06/04 05:08:13 [TRACE] buildProviderConfig for provider["registry.terraform.io/oboukili/argocd"]: using explicit config only
2021/06/04 05:08:13 [TRACE] GRPCProvider: GetSchema
2021-06-04T05:08:13.732-0700 [TRACE] plugin.stdio: waiting for stdio data
2021/06/04 05:08:13 [TRACE] No provider meta schema returned
2021/06/04 05:08:13 [TRACE] GRPCProvider: PrepareProviderConfig
2021/06/04 05:08:13 [TRACE] vertex "provider[\"registry.terraform.io/oboukili/argocd\"]": visit complete
2021/06/04 05:08:13 [TRACE] dag/walk: visiting "argocd_project.lab"
2021/06/04 05:08:13 [TRACE] vertex "argocd_project.lab": starting visit (*terraform.NodeValidatableResource)
2021/06/04 05:08:13 [TRACE] dag/walk: visiting "argocd_application.simple-webapp"
2021/06/04 05:08:13 [TRACE] vertex "argocd_application.simple-webapp": starting visit (*terraform.NodeValidatableResource)
2021/06/04 05:08:13 [TRACE] GRPCProvider: ValidateResourceTypeConfig
2021/06/04 05:08:13 [TRACE] GRPCProvider: ValidateResourceTypeConfig
2021/06/04 05:08:13 [TRACE] vertex "argocd_project.lab": visit complete
2021/06/04 05:08:13 [TRACE] vertex "argocd_application.simple-webapp": visit complete
2021/06/04 05:08:13 [TRACE] dag/walk: visiting "provider[\"registry.terraform.io/oboukili/argocd\"] (close)"
2021/06/04 05:08:13 [TRACE] vertex "provider[\"registry.terraform.io/oboukili/argocd\"] (close)": starting visit (*terraform.graphNodeCloseProvider)
2021/06/04 05:08:13 [TRACE] GRPCProvider: Close
2021/06/04 05:08:13 [TRACE] dag/walk: visiting "meta.count-boundary (EachMode fixup)"
2021/06/04 05:08:13 [TRACE] vertex "meta.count-boundary (EachMode fixup)": starting visit (*terraform.NodeCountBoundary)
2021/06/04 05:08:13 [TRACE] vertex "meta.count-boundary (EachMode fixup)": visit complete
2021-06-04T05:08:13.738-0700 [WARN]  plugin.stdio: received EOF, stopping recv loop: err="rpc error: code = Unavailable desc = transport is closing"
2021-06-04T05:08:13.740-0700 [DEBUG] plugin: plugin process exited: path=.terraform/providers/registry.terraform.io/oboukili/argocd/1.2.1/linux_amd64/terraform-provider-argocd_v1.2.1 pid=71087
2021-06-04T05:08:13.740-0700 [DEBUG] plugin: plugin exited
2021/06/04 05:08:13 [TRACE] vertex "provider[\"registry.terraform.io/oboukili/argocd\"] (close)": visit complete
2021/06/04 05:08:13 [TRACE] dag/walk: visiting "root"
2021/06/04 05:08:13 [TRACE] vertex "root": starting visit (*terraform.nodeCloseModule)
2021/06/04 05:08:13 [TRACE] vertex "root": visit complete
2021/06/04 05:08:13 [INFO] backend/local: apply calling Plan
2021/06/04 05:08:13 [INFO] terraform: building graph: GraphTypePlan
2021/06/04 05:08:13 [TRACE] Executing graph transform *terraform.ConfigTransformer
2021/06/04 05:08:13 [TRACE] ConfigTransformer: Starting for path: 
2021/06/04 05:08:13 [TRACE] Completed graph transform *terraform.ConfigTransformer with new graph:
  argocd_application.simple-webapp (expand) - *terraform.nodeExpandPlannableResource
  argocd_project.lab (expand) - *terraform.nodeExpandPlannableResource
  ------
2021/06/04 05:08:13 [TRACE] Executing graph transform *terraform.RootVariableTransformer
2021/06/04 05:08:13 [TRACE] Completed graph transform *terraform.RootVariableTransformer with new graph:
  argocd_application.simple-webapp (expand) - *terraform.nodeExpandPlannableResource
  argocd_project.lab (expand) - *terraform.nodeExpandPlannableResource
  var.GIT_USERNAME - *terraform.NodeRootVariable
  var.clusters - *terraform.NodeRootVariable
  ------
2021/06/04 05:08:13 [TRACE] Executing graph transform *terraform.ModuleVariableTransformer
2021/06/04 05:08:13 [TRACE] Completed graph transform *terraform.ModuleVariableTransformer (no changes)
2021/06/04 05:08:13 [TRACE] Executing graph transform *terraform.LocalTransformer
2021/06/04 05:08:13 [TRACE] Completed graph transform *terraform.LocalTransformer (no changes)
2021/06/04 05:08:13 [TRACE] Executing graph transform *terraform.OutputTransformer
2021/06/04 05:08:13 [TRACE] Completed graph transform *terraform.OutputTransformer (no changes)
2021/06/04 05:08:13 [TRACE] Executing graph transform *terraform.OrphanResourceInstanceTransformer
2021/06/04 05:08:13 [TRACE] Completed graph transform *terraform.OrphanResourceInstanceTransformer (no changes)
2021/06/04 05:08:13 [TRACE] Executing graph transform *terraform.StateTransformer
2021/06/04 05:08:13 [TRACE] StateTransformer: creating nodes for deposed instance objects only
2021/06/04 05:08:13 [TRACE] Completed graph transform *terraform.StateTransformer (no changes)
2021/06/04 05:08:13 [TRACE] Executing graph transform *terraform.AttachStateTransformer
2021/06/04 05:08:13 [TRACE] Completed graph transform *terraform.AttachStateTransformer (no changes)
2021/06/04 05:08:13 [TRACE] Executing graph transform *terraform.OrphanOutputTransformer
2021/06/04 05:08:13 [TRACE] Completed graph transform *terraform.OrphanOutputTransformer (no changes)
2021/06/04 05:08:13 [TRACE] Executing graph transform *terraform.AttachResourceConfigTransformer
2021/06/04 05:08:13 [TRACE] AttachResourceConfigTransformer: attaching to "argocd_application.simple-webapp (expand)" (*terraform.nodeExpandPlannableResource) config from applications.tf:1,1-46
2021/06/04 05:08:13 [TRACE] AttachResourceConfigTransformer: attaching provider meta configs to argocd_application.simple-webapp (expand)
2021/06/04 05:08:13 [TRACE] AttachResourceConfigTransformer: attaching to "argocd_project.lab (expand)" (*terraform.nodeExpandPlannableResource) config from projects.tf:1,1-32
2021/06/04 05:08:13 [TRACE] AttachResourceConfigTransformer: attaching provider meta configs to argocd_project.lab (expand)
2021/06/04 05:08:13 [TRACE] Completed graph transform *terraform.AttachResourceConfigTransformer (no changes)
2021/06/04 05:08:13 [TRACE] Executing graph transform *terraform.MissingProvisionerTransformer
2021/06/04 05:08:13 [TRACE] Completed graph transform *terraform.MissingProvisionerTransformer (no changes)
2021/06/04 05:08:13 [TRACE] Executing graph transform *terraform.ProvisionerTransformer
2021/06/04 05:08:13 [TRACE] Completed graph transform *terraform.ProvisionerTransformer (no changes)
2021/06/04 05:08:13 [TRACE] Executing graph transform *terraform.graphTransformerMulti
2021/06/04 05:08:13 [TRACE] (graphTransformerMulti) Executing graph transform *terraform.ProviderConfigTransformer
2021/06/04 05:08:13 [TRACE] ProviderConfigTransformer: attaching to "provider[\"registry.terraform.io/oboukili/argocd\"]" provider configuration from providers.tf:10,1-18
2021/06/04 05:08:13 [TRACE] (graphTransformerMulti) Completed graph transform *terraform.ProviderConfigTransformer with new graph:
  argocd_application.simple-webapp (expand) - *terraform.nodeExpandPlannableResource
  argocd_project.lab (expand) - *terraform.nodeExpandPlannableResource
  provider["registry.terraform.io/oboukili/argocd"] - *terraform.NodeApplyableProvider
  var.GIT_USERNAME - *terraform.NodeRootVariable
  var.clusters - *terraform.NodeRootVariable
  ------
2021/06/04 05:08:13 [TRACE] (graphTransformerMulti) Executing graph transform *terraform.MissingProviderTransformer
2021/06/04 05:08:13 [TRACE] (graphTransformerMulti) Completed graph transform *terraform.MissingProviderTransformer (no changes)
2021/06/04 05:08:13 [TRACE] (graphTransformerMulti) Executing graph transform *terraform.ProviderTransformer
2021/06/04 05:08:13 [TRACE] ProviderTransformer: exact match for provider["registry.terraform.io/oboukili/argocd"] serving argocd_project.lab (expand)
2021/06/04 05:08:13 [DEBUG] ProviderTransformer: "argocd_project.lab (expand)" (*terraform.nodeExpandPlannableResource) needs provider["registry.terraform.io/oboukili/argocd"]
2021/06/04 05:08:13 [TRACE] ProviderTransformer: exact match for provider["registry.terraform.io/oboukili/argocd"] serving argocd_application.simple-webapp (expand)
2021/06/04 05:08:13 [DEBUG] ProviderTransformer: "argocd_application.simple-webapp (expand)" (*terraform.nodeExpandPlannableResource) needs provider["registry.terraform.io/oboukili/argocd"]
2021/06/04 05:08:13 [TRACE] (graphTransformerMulti) Completed graph transform *terraform.ProviderTransformer with new graph:
  argocd_application.simple-webapp (expand) - *terraform.nodeExpandPlannableResource
    provider["registry.terraform.io/oboukili/argocd"] - *terraform.NodeApplyableProvider
  argocd_project.lab (expand) - *terraform.nodeExpandPlannableResource
    provider["registry.terraform.io/oboukili/argocd"] - *terraform.NodeApplyableProvider
  provider["registry.terraform.io/oboukili/argocd"] - *terraform.NodeApplyableProvider
  var.GIT_USERNAME - *terraform.NodeRootVariable
  var.clusters - *terraform.NodeRootVariable
  ------
2021/06/04 05:08:13 [TRACE] (graphTransformerMulti) Executing graph transform *terraform.PruneProviderTransformer
2021/06/04 05:08:13 [TRACE] (graphTransformerMulti) Completed graph transform *terraform.PruneProviderTransformer (no changes)
2021/06/04 05:08:13 [TRACE] (graphTransformerMulti) Executing graph transform *terraform.ParentProviderTransformer
2021/06/04 05:08:13 [TRACE] (graphTransformerMulti) Completed graph transform *terraform.ParentProviderTransformer (no changes)
2021/06/04 05:08:13 [TRACE] Completed graph transform *terraform.graphTransformerMulti with new graph:
  argocd_application.simple-webapp (expand) - *terraform.nodeExpandPlannableResource
    provider["registry.terraform.io/oboukili/argocd"] - *terraform.NodeApplyableProvider
  argocd_project.lab (expand) - *terraform.nodeExpandPlannableResource
    provider["registry.terraform.io/oboukili/argocd"] - *terraform.NodeApplyableProvider
  provider["registry.terraform.io/oboukili/argocd"] - *terraform.NodeApplyableProvider
  var.GIT_USERNAME - *terraform.NodeRootVariable
  var.clusters - *terraform.NodeRootVariable
  ------
2021/06/04 05:08:13 [TRACE] Executing graph transform *terraform.RemovedModuleTransformer
2021/06/04 05:08:13 [TRACE] Completed graph transform *terraform.RemovedModuleTransformer (no changes)
2021/06/04 05:08:13 [TRACE] Executing graph transform *terraform.AttachSchemaTransformer
2021/06/04 05:08:13 [TRACE] AttachSchemaTransformer: attaching provider config schema to provider["registry.terraform.io/oboukili/argocd"]
2021/06/04 05:08:13 [TRACE] AttachSchemaTransformer: attaching resource schema to argocd_application.simple-webapp (expand)
2021/06/04 05:08:13 [TRACE] AttachSchemaTransformer: attaching resource schema to argocd_project.lab (expand)
2021/06/04 05:08:13 [TRACE] Completed graph transform *terraform.AttachSchemaTransformer (no changes)
2021/06/04 05:08:13 [TRACE] Executing graph transform *terraform.ModuleExpansionTransformer
2021/06/04 05:08:13 [TRACE] Completed graph transform *terraform.ModuleExpansionTransformer (no changes)
2021/06/04 05:08:13 [TRACE] Executing graph transform *terraform.ReferenceTransformer
2021/06/04 05:08:13 [DEBUG] ReferenceTransformer: "var.GIT_USERNAME" references: []
2021/06/04 05:08:13 [DEBUG] ReferenceTransformer: "provider[\"registry.terraform.io/oboukili/argocd\"]" references: []
2021/06/04 05:08:13 [DEBUG] ReferenceTransformer: "argocd_application.simple-webapp (expand)" references: []
2021/06/04 05:08:13 [DEBUG] ReferenceTransformer: "argocd_project.lab (expand)" references: []
2021/06/04 05:08:13 [DEBUG] ReferenceTransformer: "var.clusters" references: []
2021/06/04 05:08:13 [TRACE] Completed graph transform *terraform.ReferenceTransformer (no changes)
2021/06/04 05:08:13 [TRACE] Executing graph transform *terraform.AttachDependenciesTransformer
2021/06/04 05:08:13 [TRACE] AttachDependenciesTransformer: argocd_application.simple-webapp depends on []
2021/06/04 05:08:13 [TRACE] AttachDependenciesTransformer: argocd_project.lab depends on []
2021/06/04 05:08:13 [TRACE] Completed graph transform *terraform.AttachDependenciesTransformer (no changes)
2021/06/04 05:08:13 [TRACE] Executing graph transform *terraform.attachDataResourceDependenciesTransformer
2021/06/04 05:08:13 [TRACE] Completed graph transform *terraform.attachDataResourceDependenciesTransformer (no changes)
2021/06/04 05:08:13 [TRACE] Executing graph transform *terraform.TargetsTransformer
2021/06/04 05:08:13 [TRACE] Completed graph transform *terraform.TargetsTransformer (no changes)
2021/06/04 05:08:13 [TRACE] Executing graph transform *terraform.ForcedCBDTransformer
2021/06/04 05:08:13 [TRACE] ForcedCBDTransformer: "argocd_application.simple-webapp (expand)" (*terraform.nodeExpandPlannableResource) has no CBD descendent, so skipping
2021/06/04 05:08:13 [TRACE] ForcedCBDTransformer: "argocd_project.lab (expand)" (*terraform.nodeExpandPlannableResource) has no CBD descendent, so skipping
2021/06/04 05:08:13 [TRACE] Completed graph transform *terraform.ForcedCBDTransformer (no changes)
2021/06/04 05:08:13 [TRACE] Executing graph transform *terraform.CountBoundaryTransformer
2021/06/04 05:08:13 [TRACE] Completed graph transform *terraform.CountBoundaryTransformer with new graph:
  argocd_application.simple-webapp (expand) - *terraform.nodeExpandPlannableResource
    provider["registry.terraform.io/oboukili/argocd"] - *terraform.NodeApplyableProvider
  argocd_project.lab (expand) - *terraform.nodeExpandPlannableResource
    provider["registry.terraform.io/oboukili/argocd"] - *terraform.NodeApplyableProvider
  meta.count-boundary (EachMode fixup) - *terraform.NodeCountBoundary
    argocd_application.simple-webapp (expand) - *terraform.nodeExpandPlannableResource
    argocd_project.lab (expand) - *terraform.nodeExpandPlannableResource
    provider["registry.terraform.io/oboukili/argocd"] - *terraform.NodeApplyableProvider
    var.GIT_USERNAME - *terraform.NodeRootVariable
    var.clusters - *terraform.NodeRootVariable
  provider["registry.terraform.io/oboukili/argocd"] - *terraform.NodeApplyableProvider
  var.GIT_USERNAME - *terraform.NodeRootVariable
  var.clusters - *terraform.NodeRootVariable
  ------
2021/06/04 05:08:13 [TRACE] Executing graph transform *terraform.CloseProviderTransformer
2021/06/04 05:08:13 [TRACE] Completed graph transform *terraform.CloseProviderTransformer with new graph:
  argocd_application.simple-webapp (expand) - *terraform.nodeExpandPlannableResource
    provider["registry.terraform.io/oboukili/argocd"] - *terraform.NodeApplyableProvider
  argocd_project.lab (expand) - *terraform.nodeExpandPlannableResource
    provider["registry.terraform.io/oboukili/argocd"] - *terraform.NodeApplyableProvider
  meta.count-boundary (EachMode fixup) - *terraform.NodeCountBoundary
    argocd_application.simple-webapp (expand) - *terraform.nodeExpandPlannableResource
    argocd_project.lab (expand) - *terraform.nodeExpandPlannableResource
    provider["registry.terraform.io/oboukili/argocd"] - *terraform.NodeApplyableProvider
    var.GIT_USERNAME - *terraform.NodeRootVariable
    var.clusters - *terraform.NodeRootVariable
  provider["registry.terraform.io/oboukili/argocd"] - *terraform.NodeApplyableProvider
  provider["registry.terraform.io/oboukili/argocd"] (close) - *terraform.graphNodeCloseProvider
    argocd_application.simple-webapp (expand) - *terraform.nodeExpandPlannableResource
    argocd_project.lab (expand) - *terraform.nodeExpandPlannableResource
    provider["registry.terraform.io/oboukili/argocd"] - *terraform.NodeApplyableProvider
  var.GIT_USERNAME - *terraform.NodeRootVariable
  var.clusters - *terraform.NodeRootVariable
  ------
2021/06/04 05:08:13 [TRACE] Executing graph transform *terraform.CloseRootModuleTransformer
2021/06/04 05:08:13 [TRACE] Completed graph transform *terraform.CloseRootModuleTransformer with new graph:
  argocd_application.simple-webapp (expand) - *terraform.nodeExpandPlannableResource
    provider["registry.terraform.io/oboukili/argocd"] - *terraform.NodeApplyableProvider
  argocd_project.lab (expand) - *terraform.nodeExpandPlannableResource
    provider["registry.terraform.io/oboukili/argocd"] - *terraform.NodeApplyableProvider
  meta.count-boundary (EachMode fixup) - *terraform.NodeCountBoundary
    argocd_application.simple-webapp (expand) - *terraform.nodeExpandPlannableResource
    argocd_project.lab (expand) - *terraform.nodeExpandPlannableResource
    provider["registry.terraform.io/oboukili/argocd"] - *terraform.NodeApplyableProvider
    var.GIT_USERNAME - *terraform.NodeRootVariable
    var.clusters - *terraform.NodeRootVariable
  provider["registry.terraform.io/oboukili/argocd"] - *terraform.NodeApplyableProvider
  provider["registry.terraform.io/oboukili/argocd"] (close) - *terraform.graphNodeCloseProvider
    argocd_application.simple-webapp (expand) - *terraform.nodeExpandPlannableResource
    argocd_project.lab (expand) - *terraform.nodeExpandPlannableResource
    provider["registry.terraform.io/oboukili/argocd"] - *terraform.NodeApplyableProvider
  root - *terraform.nodeCloseModule
    meta.count-boundary (EachMode fixup) - *terraform.NodeCountBoundary
    provider["registry.terraform.io/oboukili/argocd"] (close) - *terraform.graphNodeCloseProvider
  var.GIT_USERNAME - *terraform.NodeRootVariable
  var.clusters - *terraform.NodeRootVariable
  ------
2021/06/04 05:08:13 [TRACE] Executing graph transform *terraform.TransitiveReductionTransformer
2021/06/04 05:08:13 [TRACE] Completed graph transform *terraform.TransitiveReductionTransformer with new graph:
  argocd_application.simple-webapp (expand) - *terraform.nodeExpandPlannableResource
    provider["registry.terraform.io/oboukili/argocd"] - *terraform.NodeApplyableProvider
  argocd_project.lab (expand) - *terraform.nodeExpandPlannableResource
    provider["registry.terraform.io/oboukili/argocd"] - *terraform.NodeApplyableProvider
  meta.count-boundary (EachMode fixup) - *terraform.NodeCountBoundary
    argocd_application.simple-webapp (expand) - *terraform.nodeExpandPlannableResource
    argocd_project.lab (expand) - *terraform.nodeExpandPlannableResource
    var.GIT_USERNAME - *terraform.NodeRootVariable
    var.clusters - *terraform.NodeRootVariable
  provider["registry.terraform.io/oboukili/argocd"] - *terraform.NodeApplyableProvider
  provider["registry.terraform.io/oboukili/argocd"] (close) - *terraform.graphNodeCloseProvider
    argocd_application.simple-webapp (expand) - *terraform.nodeExpandPlannableResource
    argocd_project.lab (expand) - *terraform.nodeExpandPlannableResource
  root - *terraform.nodeCloseModule
    meta.count-boundary (EachMode fixup) - *terraform.NodeCountBoundary
    provider["registry.terraform.io/oboukili/argocd"] (close) - *terraform.graphNodeCloseProvider
  var.GIT_USERNAME - *terraform.NodeRootVariable
  var.clusters - *terraform.NodeRootVariable
  ------
2021/06/04 05:08:13 [DEBUG] Starting graph walk: walkPlan
2021/06/04 05:08:13 [TRACE] dag/walk: visiting "provider[\"registry.terraform.io/oboukili/argocd\"]"
2021/06/04 05:08:13 [TRACE] dag/walk: visiting "var.GIT_USERNAME"
2021/06/04 05:08:13 [TRACE] dag/walk: visiting "var.clusters"
2021/06/04 05:08:13 [TRACE] vertex "var.GIT_USERNAME": starting visit (*terraform.NodeRootVariable)
2021/06/04 05:08:13 [TRACE] vertex "var.clusters": starting visit (*terraform.NodeRootVariable)
2021/06/04 05:08:13 [TRACE] vertex "var.GIT_USERNAME": visit complete
2021/06/04 05:08:13 [TRACE] vertex "var.clusters": visit complete
2021/06/04 05:08:13 [TRACE] vertex "provider[\"registry.terraform.io/oboukili/argocd\"]": starting visit (*terraform.NodeApplyableProvider)
2021-06-04T05:08:13.741-0700 [INFO]  plugin: configuring client automatic mTLS
2021-06-04T05:08:13.772-0700 [DEBUG] plugin: starting plugin: path=.terraform/providers/registry.terraform.io/oboukili/argocd/1.2.1/linux_amd64/terraform-provider-argocd_v1.2.1 args=[.terraform/providers/registry.terraform.io/oboukili/argocd/1.2.1/linux_amd64/terraform-provider-argocd_v1.2.1]
2021-06-04T05:08:13.772-0700 [DEBUG] plugin: plugin started: path=.terraform/providers/registry.terraform.io/oboukili/argocd/1.2.1/linux_amd64/terraform-provider-argocd_v1.2.1 pid=71100
2021-06-04T05:08:13.772-0700 [DEBUG] plugin: waiting for RPC address: path=.terraform/providers/registry.terraform.io/oboukili/argocd/1.2.1/linux_amd64/terraform-provider-argocd_v1.2.1
2021-06-04T05:08:13.820-0700 [INFO]  plugin.terraform-provider-argocd_v1.2.1: configuring server automatic mTLS: timestamp=2021-06-04T05:08:13.820-0700
2021-06-04T05:08:13.854-0700 [DEBUG] plugin.terraform-provider-argocd_v1.2.1: plugin address: address=/tmp/plugin719940515 network=unix timestamp=2021-06-04T05:08:13.854-0700
2021-06-04T05:08:13.854-0700 [DEBUG] plugin: using plugin: version=5
2021/06/04 05:08:13 [TRACE] BuiltinEvalContext: Initialized "provider[\"registry.terraform.io/oboukili/argocd\"]" provider for provider["registry.terraform.io/oboukili/argocd"]
2021/06/04 05:08:13 [TRACE] buildProviderConfig for provider["registry.terraform.io/oboukili/argocd"]: using explicit config only
2021/06/04 05:08:13 [TRACE] GRPCProvider: GetSchema
2021-06-04T05:08:13.908-0700 [TRACE] plugin.stdio: waiting for stdio data
2021/06/04 05:08:13 [TRACE] No provider meta schema returned
2021/06/04 05:08:13 [TRACE] GRPCProvider: Configure
2021/06/04 05:08:18 [TRACE] dag/walk: vertex "meta.count-boundary (EachMode fixup)" is waiting for "argocd_application.simple-webapp (expand)"
2021/06/04 05:08:18 [TRACE] dag/walk: vertex "root" is waiting for "provider[\"registry.terraform.io/oboukili/argocd\"] (close)"
2021/06/04 05:08:18 [TRACE] dag/walk: vertex "argocd_project.lab (expand)" is waiting for "provider[\"registry.terraform.io/oboukili/argocd\"]"
2021/06/04 05:08:18 [TRACE] dag/walk: vertex "provider[\"registry.terraform.io/oboukili/argocd\"] (close)" is waiting for "argocd_application.simple-webapp (expand)"
2021/06/04 05:08:18 [TRACE] dag/walk: vertex "argocd_application.simple-webapp (expand)" is waiting for "provider[\"registry.terraform.io/oboukili/argocd\"]"
2021/06/04 05:08:23 [TRACE] dag/walk: vertex "argocd_application.simple-webapp (expand)" is waiting for "provider[\"registry.terraform.io/oboukili/argocd\"]"
2021/06/04 05:08:23 [TRACE] dag/walk: vertex "root" is waiting for "provider[\"registry.terraform.io/oboukili/argocd\"] (close)"
2021/06/04 05:08:23 [TRACE] dag/walk: vertex "meta.count-boundary (EachMode fixup)" is waiting for "argocd_application.simple-webapp (expand)"
2021/06/04 05:08:23 [TRACE] dag/walk: vertex "provider[\"registry.terraform.io/oboukili/argocd\"] (close)" is waiting for "argocd_application.simple-webapp (expand)"
2021/06/04 05:08:23 [TRACE] dag/walk: vertex "argocd_project.lab (expand)" is waiting for "provider[\"registry.terraform.io/oboukili/argocd\"]"
2021/06/04 05:08:28 [TRACE] dag/walk: vertex "argocd_project.lab (expand)" is waiting for "provider[\"registry.terraform.io/oboukili/argocd\"]"
2021/06/04 05:08:28 [TRACE] dag/walk: vertex "root" is waiting for "provider[\"registry.terraform.io/oboukili/argocd\"] (close)"
2021/06/04 05:08:28 [TRACE] dag/walk: vertex "meta.count-boundary (EachMode fixup)" is waiting for "argocd_application.simple-webapp (expand)"
2021/06/04 05:08:28 [TRACE] dag/walk: vertex "argocd_application.simple-webapp (expand)" is waiting for "provider[\"registry.terraform.io/oboukili/argocd\"]"
2021/06/04 05:08:28 [TRACE] dag/walk: vertex "provider[\"registry.terraform.io/oboukili/argocd\"] (close)" is waiting for "argocd_application.simple-webapp (expand)"
2021/06/04 05:08:33 [TRACE] dag/walk: vertex "provider[\"registry.terraform.io/oboukili/argocd\"] (close)" is waiting for "argocd_application.simple-webapp (expand)"
2021/06/04 05:08:33 [TRACE] dag/walk: vertex "meta.count-boundary (EachMode fixup)" is waiting for "argocd_application.simple-webapp (expand)"
2021/06/04 05:08:33 [TRACE] dag/walk: vertex "root" is waiting for "provider[\"registry.terraform.io/oboukili/argocd\"] (close)"
2021/06/04 05:08:33 [TRACE] dag/walk: vertex "argocd_project.lab (expand)" is waiting for "provider[\"registry.terraform.io/oboukili/argocd\"]"
2021/06/04 05:08:33 [TRACE] dag/walk: vertex "argocd_application.simple-webapp (expand)" is waiting for "provider[\"registry.terraform.io/oboukili/argocd\"]"
2021/06/04 05:08:38 [TRACE] dag/walk: vertex "root" is waiting for "provider[\"registry.terraform.io/oboukili/argocd\"] (close)"
2021/06/04 05:08:38 [TRACE] dag/walk: vertex "provider[\"registry.terraform.io/oboukili/argocd\"] (close)" is waiting for "argocd_application.simple-webapp (expand)"
2021/06/04 05:08:38 [TRACE] dag/walk: vertex "argocd_application.simple-webapp (expand)" is waiting for "provider[\"registry.terraform.io/oboukili/argocd\"]"
2021/06/04 05:08:38 [TRACE] dag/walk: vertex "meta.count-boundary (EachMode fixup)" is waiting for "argocd_application.simple-webapp (expand)"
2021/06/04 05:08:38 [TRACE] dag/walk: vertex "argocd_project.lab (expand)" is waiting for "provider[\"registry.terraform.io/oboukili/argocd\"]"
2021/06/04 05:08:43 [TRACE] dag/walk: vertex "meta.count-boundary (EachMode fixup)" is waiting for "argocd_application.simple-webapp (expand)"
2021/06/04 05:08:43 [TRACE] dag/walk: vertex "argocd_project.lab (expand)" is waiting for "provider[\"registry.terraform.io/oboukili/argocd\"]"
2021/06/04 05:08:43 [TRACE] dag/walk: vertex "provider[\"registry.terraform.io/oboukili/argocd\"] (close)" is waiting for "argocd_application.simple-webapp (expand)"
2021/06/04 05:08:43 [TRACE] dag/walk: vertex "argocd_application.simple-webapp (expand)" is waiting for "provider[\"registry.terraform.io/oboukili/argocd\"]"
2021/06/04 05:08:43 [TRACE] dag/walk: vertex "root" is waiting for "provider[\"registry.terraform.io/oboukili/argocd\"] (close)"
2021/06/04 05:08:48 [TRACE] dag/walk: vertex "root" is waiting for "provider[\"registry.terraform.io/oboukili/argocd\"] (close)"
2021/06/04 05:08:48 [TRACE] dag/walk: vertex "meta.count-boundary (EachMode fixup)" is waiting for "argocd_application.simple-webapp (expand)"
2021/06/04 05:08:48 [TRACE] dag/walk: vertex "argocd_application.simple-webapp (expand)" is waiting for "provider[\"registry.terraform.io/oboukili/argocd\"]"
2021/06/04 05:08:48 [TRACE] dag/walk: vertex "argocd_project.lab (expand)" is waiting for "provider[\"registry.terraform.io/oboukili/argocd\"]"
2021/06/04 05:08:48 [TRACE] dag/walk: vertex "provider[\"registry.terraform.io/oboukili/argocd\"] (close)" is waiting for "argocd_application.simple-webapp (expand)"
2021/06/04 05:08:50 [TRACE] vertex "provider[\"registry.terraform.io/oboukili/argocd\"]": visit complete
2021/06/04 05:08:50 [TRACE] dag/walk: visiting "argocd_project.lab (expand)"
2021/06/04 05:08:50 [TRACE] vertex "argocd_project.lab (expand)": starting visit (*terraform.nodeExpandPlannableResource)
2021/06/04 05:08:50 [TRACE] dag/walk: visiting "argocd_application.simple-webapp (expand)"
2021/06/04 05:08:50 [TRACE] vertex "argocd_application.simple-webapp (expand)": starting visit (*terraform.nodeExpandPlannableResource)
2021/06/04 05:08:50 [TRACE] vertex "argocd_project.lab (expand)": expanding dynamic subgraph
2021/06/04 05:08:50 [TRACE] vertex "argocd_application.simple-webapp (expand)": expanding dynamic subgraph
2021/06/04 05:08:50 [TRACE] vertex "argocd_project.lab (expand)": entering dynamic subgraph
2021/06/04 05:08:50 [TRACE] vertex "argocd_application.simple-webapp (expand)": entering dynamic subgraph
2021/06/04 05:08:50 [TRACE] dag/walk: visiting "argocd_project.lab"
2021/06/04 05:08:50 [TRACE] dag/walk: visiting "argocd_application.simple-webapp"
2021/06/04 05:08:50 [TRACE] vertex "argocd_project.lab": starting visit (*terraform.NodePlannableResource)
2021/06/04 05:08:50 [TRACE] vertex "argocd_application.simple-webapp": starting visit (*terraform.NodePlannableResource)
2021/06/04 05:08:50 [TRACE] vertex "argocd_project.lab": expanding dynamic subgraph
2021/06/04 05:08:50 [TRACE] Executing graph transform *terraform.ResourceCountTransformer
2021/06/04 05:08:50 [TRACE] ResourceCountTransformer: adding argocd_project.lab as *terraform.NodePlannableResourceInstance
2021/06/04 05:08:50 [TRACE] Completed graph transform *terraform.ResourceCountTransformer with new graph:
  argocd_project.lab - *terraform.NodePlannableResourceInstance
  ------
2021/06/04 05:08:50 [TRACE] Executing graph transform *terraform.OrphanResourceInstanceCountTransformer
2021/06/04 05:08:50 [TRACE] Completed graph transform *terraform.OrphanResourceInstanceCountTransformer (no changes)
2021/06/04 05:08:50 [TRACE] Executing graph transform *terraform.AttachStateTransformer
2021/06/04 05:08:50 [TRACE] Completed graph transform *terraform.AttachStateTransformer (no changes)
2021/06/04 05:08:50 [TRACE] Executing graph transform *terraform.TargetsTransformer
2021/06/04 05:08:50 [TRACE] Completed graph transform *terraform.TargetsTransformer (no changes)
2021/06/04 05:08:50 [TRACE] Executing graph transform *terraform.ReferenceTransformer
2021/06/04 05:08:50 [DEBUG] ReferenceTransformer: "argocd_project.lab" references: []
2021/06/04 05:08:50 [TRACE] Completed graph transform *terraform.ReferenceTransformer (no changes)
2021/06/04 05:08:50 [TRACE] Executing graph transform *terraform.RootTransformer
2021/06/04 05:08:50 [TRACE] Completed graph transform *terraform.RootTransformer (no changes)
2021/06/04 05:08:50 [TRACE] vertex "argocd_project.lab": entering dynamic subgraph
2021/06/04 05:08:50 [TRACE] dag/walk: visiting "argocd_project.lab"
2021/06/04 05:08:50 [TRACE] vertex "argocd_project.lab": starting visit (*terraform.NodePlannableResourceInstance)
2021/06/04 05:08:50 [TRACE] vertex "argocd_application.simple-webapp": expanding dynamic subgraph
2021/06/04 05:08:50 [TRACE] Executing graph transform *terraform.ResourceCountTransformer
2021/06/04 05:08:50 [TRACE] ResourceCountTransformer: adding argocd_application.simple-webapp as *terraform.NodePlannableResourceInstance
2021/06/04 05:08:50 [TRACE] Completed graph transform *terraform.ResourceCountTransformer with new graph:
  argocd_application.simple-webapp - *terraform.NodePlannableResourceInstance
  ------
2021/06/04 05:08:50 [TRACE] Executing graph transform *terraform.OrphanResourceInstanceCountTransformer
2021/06/04 05:08:50 [TRACE] Completed graph transform *terraform.OrphanResourceInstanceCountTransformer (no changes)
2021/06/04 05:08:50 [TRACE] Executing graph transform *terraform.AttachStateTransformer
2021/06/04 05:08:50 [DEBUG] Resource instance state not found for node "argocd_application.simple-webapp", instance argocd_application.simple-webapp
2021/06/04 05:08:50 [TRACE] Completed graph transform *terraform.AttachStateTransformer (no changes)
2021/06/04 05:08:50 [TRACE] Executing graph transform *terraform.TargetsTransformer
2021/06/04 05:08:50 [TRACE] ReadResourceInstanceState: reading state for argocd_project.lab
2021/06/04 05:08:50 [TRACE] Completed graph transform *terraform.TargetsTransformer (no changes)
2021/06/04 05:08:50 [TRACE] Executing graph transform *terraform.ReferenceTransformer
2021/06/04 05:08:50 [DEBUG] ReferenceTransformer: "argocd_application.simple-webapp" references: []
2021/06/04 05:08:50 [TRACE] Completed graph transform *terraform.ReferenceTransformer (no changes)
2021/06/04 05:08:50 [TRACE] Executing graph transform *terraform.RootTransformer
2021/06/04 05:08:50 [TRACE] Completed graph transform *terraform.RootTransformer (no changes)
2021/06/04 05:08:50 [TRACE] vertex "argocd_application.simple-webapp": entering dynamic subgraph
2021/06/04 05:08:50 [TRACE] dag/walk: visiting "argocd_application.simple-webapp"
2021/06/04 05:08:50 [TRACE] vertex "argocd_application.simple-webapp": starting visit (*terraform.NodePlannableResourceInstance)
2021/06/04 05:08:50 [TRACE] UpgradeResourceState: schema version of argocd_project.lab is still 2; calling provider "argocd" for any other minor fixups
2021/06/04 05:08:50 [TRACE] GRPCProvider: UpgradeResourceState
2021/06/04 05:08:50 [TRACE] ReadResourceInstanceState: reading state for argocd_application.simple-webapp
2021/06/04 05:08:50 [TRACE] ReadResourceInstanceState: no state present for argocd_application.simple-webapp
2021/06/04 05:08:50 [DEBUG] refresh: argocd_application.simple-webapp: no state, so not refreshing
2021/06/04 05:08:50 [TRACE] EvalWriteState: using RefreshState for argocd_application.simple-webapp
2021/06/04 05:08:50 [TRACE] EvalWriteState: removing state object for argocd_application.simple-webapp
2021/06/04 05:08:50 [TRACE] Re-validating config for "argocd_application.simple-webapp"
2021/06/04 05:08:50 [TRACE] GRPCProvider: ValidateResourceTypeConfig
2021/06/04 05:08:50 [TRACE] GRPCProvider: PlanResourceChange
2021/06/04 05:08:50 [TRACE] GRPCProvider: ReadResource
2021/06/04 05:08:50 [WARN] Provider "registry.terraform.io/oboukili/argocd" produced an invalid plan for argocd_application.simple-webapp, but we are tolerating it because it is using the legacy plugin SDK.
    The following problems may be the cause of any confusing errors from downstream operations:
      - .spec[0].project: planned value cty.StringVal("default") does not match config value cty.NullVal(cty.String)
      - .spec[0].source[0].helm[0].parameter: attribute representing a set of nested blocks must be empty to indicate no blocks, not null
      - .metadata[0].labels: planned value cty.NullVal(cty.Map(cty.String)) does not match config value cty.MapValEmpty(cty.String)
2021/06/04 05:08:50 [TRACE] EvalWriteState: writing current state object for argocd_application.simple-webapp
2021/06/04 05:08:50 [TRACE] EvalWriteDiff: recorded Create change for argocd_application.simple-webapp
2021/06/04 05:08:50 [TRACE] vertex "argocd_application.simple-webapp": visit complete
2021/06/04 05:08:50 [TRACE] vertex "argocd_application.simple-webapp": dynamic subgraph completed successfully
2021/06/04 05:08:50 [TRACE] vertex "argocd_application.simple-webapp": visit complete
2021/06/04 05:08:50 [TRACE] vertex "argocd_application.simple-webapp (expand)": dynamic subgraph completed successfully
2021/06/04 05:08:50 [TRACE] vertex "argocd_application.simple-webapp (expand)": visit complete
2021/06/04 05:08:50 [TRACE] EvalWriteState: using RefreshState for argocd_project.lab
2021/06/04 05:08:50 [TRACE] EvalWriteState: recording 0 dependencies for argocd_project.lab
2021/06/04 05:08:50 [TRACE] EvalWriteState: writing current state object for argocd_project.lab
2021/06/04 05:08:50 [TRACE] Re-validating config for "argocd_project.lab"
2021/06/04 05:08:50 [TRACE] GRPCProvider: ValidateResourceTypeConfig
2021/06/04 05:08:50 [TRACE] GRPCProvider: PlanResourceChange
2021/06/04 05:08:50 [TRACE] EvalWriteState: writing current state object for argocd_project.lab
2021/06/04 05:08:50 [TRACE] EvalWriteDiff: recorded NoOp change for argocd_project.lab
2021/06/04 05:08:50 [TRACE] vertex "argocd_project.lab": visit complete
2021/06/04 05:08:50 [TRACE] vertex "argocd_project.lab": dynamic subgraph completed successfully
2021/06/04 05:08:50 [TRACE] vertex "argocd_project.lab": visit complete
2021/06/04 05:08:50 [TRACE] vertex "argocd_project.lab (expand)": dynamic subgraph completed successfully
2021/06/04 05:08:50 [TRACE] vertex "argocd_project.lab (expand)": visit complete
2021/06/04 05:08:50 [TRACE] dag/walk: visiting "meta.count-boundary (EachMode fixup)"
2021/06/04 05:08:50 [TRACE] vertex "meta.count-boundary (EachMode fixup)": starting visit (*terraform.NodeCountBoundary)
2021/06/04 05:08:50 [TRACE] dag/walk: visiting "provider[\"registry.terraform.io/oboukili/argocd\"] (close)"
2021/06/04 05:08:50 [TRACE] vertex "meta.count-boundary (EachMode fixup)": visit complete
2021/06/04 05:08:50 [TRACE] vertex "provider[\"registry.terraform.io/oboukili/argocd\"] (close)": starting visit (*terraform.graphNodeCloseProvider)
2021/06/04 05:08:50 [TRACE] GRPCProvider: Close
2021-06-04T05:08:50.868-0700 [WARN]  plugin.stdio: received EOF, stopping recv loop: err="rpc error: code = Unavailable desc = transport is closing"
2021-06-04T05:08:50.873-0700 [DEBUG] plugin: plugin process exited: path=.terraform/providers/registry.terraform.io/oboukili/argocd/1.2.1/linux_amd64/terraform-provider-argocd_v1.2.1 pid=71100
2021-06-04T05:08:50.873-0700 [DEBUG] plugin: plugin exited
2021/06/04 05:08:50 [TRACE] vertex "provider[\"registry.terraform.io/oboukili/argocd\"] (close)": visit complete
2021/06/04 05:08:50 [TRACE] dag/walk: visiting "root"
2021/06/04 05:08:50 [TRACE] vertex "root": starting visit (*terraform.nodeCloseModule)
2021/06/04 05:08:50 [TRACE] vertex "root": visit complete
2021/06/04 05:08:50 [DEBUG] command: asking for input: "Do you want to perform these actions?"
2021/06/04 05:08:53 [INFO] backend/local: apply calling Apply
2021/06/04 05:08:53 [INFO] terraform: building graph: GraphTypeApply
2021/06/04 05:08:53 [TRACE] Executing graph transform *terraform.ConfigTransformer
2021/06/04 05:08:53 [TRACE] ConfigTransformer: Starting for path: 
2021/06/04 05:08:53 [TRACE] Completed graph transform *terraform.ConfigTransformer with new graph:
  argocd_application.simple-webapp (expand) - *terraform.nodeExpandApplyableResource
  argocd_project.lab (expand) - *terraform.nodeExpandApplyableResource
  ------
2021/06/04 05:08:53 [TRACE] Executing graph transform *terraform.RootVariableTransformer
2021/06/04 05:08:53 [TRACE] Completed graph transform *terraform.RootVariableTransformer with new graph:
  argocd_application.simple-webapp (expand) - *terraform.nodeExpandApplyableResource
  argocd_project.lab (expand) - *terraform.nodeExpandApplyableResource
  var.GIT_USERNAME - *terraform.NodeRootVariable
  var.clusters - *terraform.NodeRootVariable
  ------
2021/06/04 05:08:53 [TRACE] Executing graph transform *terraform.ModuleVariableTransformer
2021/06/04 05:08:53 [TRACE] Completed graph transform *terraform.ModuleVariableTransformer (no changes)
2021/06/04 05:08:53 [TRACE] Executing graph transform *terraform.LocalTransformer
2021/06/04 05:08:53 [TRACE] Completed graph transform *terraform.LocalTransformer (no changes)
2021/06/04 05:08:53 [TRACE] Executing graph transform *terraform.OutputTransformer
2021/06/04 05:08:53 [TRACE] Completed graph transform *terraform.OutputTransformer (no changes)
2021/06/04 05:08:53 [TRACE] Executing graph transform *terraform.DiffTransformer
2021/06/04 05:08:53 [TRACE] DiffTransformer starting
2021/06/04 05:08:53 [TRACE] DiffTransformer: found Create change for argocd_application.simple-webapp 
2021/06/04 05:08:53 [TRACE] DiffTransformer: argocd_application.simple-webapp will be represented by argocd_application.simple-webapp
2021/06/04 05:08:53 [TRACE] DiffTransformer: found NoOp change for argocd_project.lab 
2021/06/04 05:08:53 [TRACE] DiffTransformer complete
2021/06/04 05:08:53 [TRACE] Completed graph transform *terraform.DiffTransformer with new graph:
  argocd_application.simple-webapp - *terraform.NodeApplyableResourceInstance
    argocd_application.simple-webapp (expand) - *terraform.nodeExpandApplyableResource
  argocd_application.simple-webapp (expand) - *terraform.nodeExpandApplyableResource
  argocd_project.lab (expand) - *terraform.nodeExpandApplyableResource
  var.GIT_USERNAME - *terraform.NodeRootVariable
  var.clusters - *terraform.NodeRootVariable
  ------
2021/06/04 05:08:53 [TRACE] Executing graph transform *terraform.AttachStateTransformer
2021/06/04 05:08:53 [DEBUG] Resource state not found for node "argocd_application.simple-webapp", instance argocd_application.simple-webapp
2021/06/04 05:08:53 [TRACE] Completed graph transform *terraform.AttachStateTransformer (no changes)
2021/06/04 05:08:53 [TRACE] Executing graph transform *terraform.OrphanOutputTransformer
2021/06/04 05:08:53 [TRACE] Completed graph transform *terraform.OrphanOutputTransformer (no changes)
2021/06/04 05:08:53 [TRACE] Executing graph transform *terraform.AttachResourceConfigTransformer
2021/06/04 05:08:53 [TRACE] AttachResourceConfigTransformer: attaching to "argocd_application.simple-webapp" (*terraform.NodeApplyableResourceInstance) config from applications.tf:1,1-46
2021/06/04 05:08:53 [TRACE] AttachResourceConfigTransformer: attaching provider meta configs to argocd_application.simple-webapp
2021/06/04 05:08:53 [TRACE] AttachResourceConfigTransformer: attaching to "argocd_application.simple-webapp (expand)" (*terraform.nodeExpandApplyableResource) config from applications.tf:1,1-46
2021/06/04 05:08:53 [TRACE] AttachResourceConfigTransformer: attaching provider meta configs to argocd_application.simple-webapp (expand)
2021/06/04 05:08:53 [TRACE] AttachResourceConfigTransformer: attaching to "argocd_project.lab (expand)" (*terraform.nodeExpandApplyableResource) config from projects.tf:1,1-32
2021/06/04 05:08:53 [TRACE] AttachResourceConfigTransformer: attaching provider meta configs to argocd_project.lab (expand)
2021/06/04 05:08:53 [TRACE] Completed graph transform *terraform.AttachResourceConfigTransformer (no changes)
2021/06/04 05:08:53 [TRACE] Executing graph transform *terraform.MissingProvisionerTransformer
2021/06/04 05:08:53 [TRACE] Completed graph transform *terraform.MissingProvisionerTransformer (no changes)
2021/06/04 05:08:53 [TRACE] Executing graph transform *terraform.ProvisionerTransformer
2021/06/04 05:08:53 [TRACE] Completed graph transform *terraform.ProvisionerTransformer (no changes)
2021/06/04 05:08:53 [TRACE] Executing graph transform *terraform.graphTransformerMulti
2021/06/04 05:08:53 [TRACE] (graphTransformerMulti) Executing graph transform *terraform.ProviderConfigTransformer
2021/06/04 05:08:53 [TRACE] ProviderConfigTransformer: attaching to "provider[\"registry.terraform.io/oboukili/argocd\"]" provider configuration from providers.tf:10,1-18
2021/06/04 05:08:53 [TRACE] (graphTransformerMulti) Completed graph transform *terraform.ProviderConfigTransformer with new graph:
  argocd_application.simple-webapp - *terraform.NodeApplyableResourceInstance
    argocd_application.simple-webapp (expand) - *terraform.nodeExpandApplyableResource
  argocd_application.simple-webapp (expand) - *terraform.nodeExpandApplyableResource
  argocd_project.lab (expand) - *terraform.nodeExpandApplyableResource
  provider["registry.terraform.io/oboukili/argocd"] - *terraform.NodeApplyableProvider
  var.GIT_USERNAME - *terraform.NodeRootVariable
  var.clusters - *terraform.NodeRootVariable
  ------
2021/06/04 05:08:53 [TRACE] (graphTransformerMulti) Executing graph transform *terraform.MissingProviderTransformer
2021/06/04 05:08:53 [TRACE] (graphTransformerMulti) Completed graph transform *terraform.MissingProviderTransformer (no changes)
2021/06/04 05:08:53 [TRACE] (graphTransformerMulti) Executing graph transform *terraform.ProviderTransformer
2021/06/04 05:08:53 [TRACE] ProviderTransformer: exact match for provider["registry.terraform.io/oboukili/argocd"] serving argocd_application.simple-webapp
2021/06/04 05:08:53 [DEBUG] ProviderTransformer: "argocd_application.simple-webapp" (*terraform.NodeApplyableResourceInstance) needs provider["registry.terraform.io/oboukili/argocd"]
2021/06/04 05:08:53 [TRACE] ProviderTransformer: exact match for provider["registry.terraform.io/oboukili/argocd"] serving argocd_application.simple-webapp (expand)
2021/06/04 05:08:53 [DEBUG] ProviderTransformer: "argocd_application.simple-webapp (expand)" (*terraform.nodeExpandApplyableResource) needs provider["registry.terraform.io/oboukili/argocd"]
2021/06/04 05:08:53 [TRACE] ProviderTransformer: exact match for provider["registry.terraform.io/oboukili/argocd"] serving argocd_project.lab (expand)
2021/06/04 05:08:53 [DEBUG] ProviderTransformer: "argocd_project.lab (expand)" (*terraform.nodeExpandApplyableResource) needs provider["registry.terraform.io/oboukili/argocd"]
2021/06/04 05:08:53 [TRACE] (graphTransformerMulti) Completed graph transform *terraform.ProviderTransformer with new graph:
  argocd_application.simple-webapp - *terraform.NodeApplyableResourceInstance
    argocd_application.simple-webapp (expand) - *terraform.nodeExpandApplyableResource
    provider["registry.terraform.io/oboukili/argocd"] - *terraform.NodeApplyableProvider
  argocd_application.simple-webapp (expand) - *terraform.nodeExpandApplyableResource
    provider["registry.terraform.io/oboukili/argocd"] - *terraform.NodeApplyableProvider
  argocd_project.lab (expand) - *terraform.nodeExpandApplyableResource
    provider["registry.terraform.io/oboukili/argocd"] - *terraform.NodeApplyableProvider
  provider["registry.terraform.io/oboukili/argocd"] - *terraform.NodeApplyableProvider
  var.GIT_USERNAME - *terraform.NodeRootVariable
  var.clusters - *terraform.NodeRootVariable
  ------
2021/06/04 05:08:53 [TRACE] (graphTransformerMulti) Executing graph transform *terraform.PruneProviderTransformer
2021/06/04 05:08:53 [TRACE] (graphTransformerMulti) Completed graph transform *terraform.PruneProviderTransformer (no changes)
2021/06/04 05:08:53 [TRACE] (graphTransformerMulti) Executing graph transform *terraform.ParentProviderTransformer
2021/06/04 05:08:53 [TRACE] (graphTransformerMulti) Completed graph transform *terraform.ParentProviderTransformer (no changes)
2021/06/04 05:08:53 [TRACE] Completed graph transform *terraform.graphTransformerMulti with new graph:
  argocd_application.simple-webapp - *terraform.NodeApplyableResourceInstance
    argocd_application.simple-webapp (expand) - *terraform.nodeExpandApplyableResource
    provider["registry.terraform.io/oboukili/argocd"] - *terraform.NodeApplyableProvider
  argocd_application.simple-webapp (expand) - *terraform.nodeExpandApplyableResource
    provider["registry.terraform.io/oboukili/argocd"] - *terraform.NodeApplyableProvider
  argocd_project.lab (expand) - *terraform.nodeExpandApplyableResource
    provider["registry.terraform.io/oboukili/argocd"] - *terraform.NodeApplyableProvider
  provider["registry.terraform.io/oboukili/argocd"] - *terraform.NodeApplyableProvider
  var.GIT_USERNAME - *terraform.NodeRootVariable
  var.clusters - *terraform.NodeRootVariable
  ------
2021/06/04 05:08:53 [TRACE] Executing graph transform *terraform.RemovedModuleTransformer
2021/06/04 05:08:53 [TRACE] Completed graph transform *terraform.RemovedModuleTransformer (no changes)
2021/06/04 05:08:53 [TRACE] Executing graph transform *terraform.AttachSchemaTransformer
2021/06/04 05:08:53 [TRACE] AttachSchemaTransformer: attaching resource schema to argocd_application.simple-webapp
2021/06/04 05:08:53 [TRACE] AttachSchemaTransformer: attaching provider config schema to provider["registry.terraform.io/oboukili/argocd"]
2021/06/04 05:08:53 [TRACE] AttachSchemaTransformer: attaching resource schema to argocd_application.simple-webapp (expand)
2021/06/04 05:08:53 [TRACE] AttachSchemaTransformer: attaching resource schema to argocd_project.lab (expand)
2021/06/04 05:08:53 [TRACE] Completed graph transform *terraform.AttachSchemaTransformer (no changes)
2021/06/04 05:08:53 [TRACE] Executing graph transform *terraform.ModuleExpansionTransformer
2021/06/04 05:08:53 [TRACE] Completed graph transform *terraform.ModuleExpansionTransformer (no changes)
2021/06/04 05:08:53 [TRACE] Executing graph transform *terraform.ReferenceTransformer
2021/06/04 05:08:53 [DEBUG] ReferenceTransformer: "argocd_application.simple-webapp (expand)" references: []
2021/06/04 05:08:53 [DEBUG] ReferenceTransformer: "argocd_project.lab (expand)" references: []
2021/06/04 05:08:53 [DEBUG] ReferenceTransformer: "var.clusters" references: []
2021/06/04 05:08:53 [DEBUG] ReferenceTransformer: "var.GIT_USERNAME" references: []
2021/06/04 05:08:53 [DEBUG] ReferenceTransformer: "argocd_application.simple-webapp" references: []
2021/06/04 05:08:53 [DEBUG] ReferenceTransformer: "provider[\"registry.terraform.io/oboukili/argocd\"]" references: []
2021/06/04 05:08:53 [TRACE] Completed graph transform *terraform.ReferenceTransformer (no changes)
2021/06/04 05:08:53 [TRACE] Executing graph transform *terraform.AttachDependenciesTransformer
2021/06/04 05:08:53 [TRACE] AttachDependenciesTransformer: argocd_application.simple-webapp depends on []
2021/06/04 05:08:53 [TRACE] Completed graph transform *terraform.AttachDependenciesTransformer (no changes)
2021/06/04 05:08:53 [TRACE] Executing graph transform *terraform.ForcedCBDTransformer
2021/06/04 05:08:53 [TRACE] ForcedCBDTransformer: "argocd_application.simple-webapp" (*terraform.NodeApplyableResourceInstance) has no CBD descendent, so skipping
2021/06/04 05:08:53 [TRACE] Completed graph transform *terraform.ForcedCBDTransformer (no changes)
2021/06/04 05:08:53 [TRACE] Executing graph transform *terraform.DestroyEdgeTransformer
2021/06/04 05:08:53 [TRACE] Completed graph transform *terraform.DestroyEdgeTransformer (no changes)
2021/06/04 05:08:53 [TRACE] Executing graph transform *terraform.CBDEdgeTransformer
2021/06/04 05:08:53 [TRACE] Completed graph transform *terraform.CBDEdgeTransformer (no changes)
2021/06/04 05:08:53 [TRACE] Executing graph transform *terraform.pruneUnusedNodesTransformer
2021/06/04 05:08:53 [DEBUG] pruneUnusedNodes: argocd_project.lab (expand) is no longer needed, removing
2021/06/04 05:08:53 [TRACE] Completed graph transform *terraform.pruneUnusedNodesTransformer with new graph:
  argocd_application.simple-webapp - *terraform.NodeApplyableResourceInstance
    argocd_application.simple-webapp (expand) - *terraform.nodeExpandApplyableResource
    provider["registry.terraform.io/oboukili/argocd"] - *terraform.NodeApplyableProvider
  argocd_application.simple-webapp (expand) - *terraform.nodeExpandApplyableResource
    provider["registry.terraform.io/oboukili/argocd"] - *terraform.NodeApplyableProvider
  provider["registry.terraform.io/oboukili/argocd"] - *terraform.NodeApplyableProvider
  var.GIT_USERNAME - *terraform.NodeRootVariable
  var.clusters - *terraform.NodeRootVariable
  ------
2021/06/04 05:08:53 [TRACE] Executing graph transform *terraform.TargetsTransformer
2021/06/04 05:08:53 [TRACE] Completed graph transform *terraform.TargetsTransformer (no changes)
2021/06/04 05:08:53 [TRACE] Executing graph transform *terraform.CountBoundaryTransformer
2021/06/04 05:08:53 [TRACE] Completed graph transform *terraform.CountBoundaryTransformer with new graph:
  argocd_application.simple-webapp - *terraform.NodeApplyableResourceInstance
    argocd_application.simple-webapp (expand) - *terraform.nodeExpandApplyableResource
    provider["registry.terraform.io/oboukili/argocd"] - *terraform.NodeApplyableProvider
  argocd_application.simple-webapp (expand) - *terraform.nodeExpandApplyableResource
    provider["registry.terraform.io/oboukili/argocd"] - *terraform.NodeApplyableProvider
  meta.count-boundary (EachMode fixup) - *terraform.NodeCountBoundary
    argocd_application.simple-webapp - *terraform.NodeApplyableResourceInstance
    argocd_application.simple-webapp (expand) - *terraform.nodeExpandApplyableResource
    provider["registry.terraform.io/oboukili/argocd"] - *terraform.NodeApplyableProvider
    var.GIT_USERNAME - *terraform.NodeRootVariable
    var.clusters - *terraform.NodeRootVariable
  provider["registry.terraform.io/oboukili/argocd"] - *terraform.NodeApplyableProvider
  var.GIT_USERNAME - *terraform.NodeRootVariable
  var.clusters - *terraform.NodeRootVariable
  ------
2021/06/04 05:08:53 [TRACE] Executing graph transform *terraform.CloseProviderTransformer
2021/06/04 05:08:53 [TRACE] Completed graph transform *terraform.CloseProviderTransformer with new graph:
  argocd_application.simple-webapp - *terraform.NodeApplyableResourceInstance
    argocd_application.simple-webapp (expand) - *terraform.nodeExpandApplyableResource
    provider["registry.terraform.io/oboukili/argocd"] - *terraform.NodeApplyableProvider
  argocd_application.simple-webapp (expand) - *terraform.nodeExpandApplyableResource
    provider["registry.terraform.io/oboukili/argocd"] - *terraform.NodeApplyableProvider
  meta.count-boundary (EachMode fixup) - *terraform.NodeCountBoundary
    argocd_application.simple-webapp - *terraform.NodeApplyableResourceInstance
    argocd_application.simple-webapp (expand) - *terraform.nodeExpandApplyableResource
    provider["registry.terraform.io/oboukili/argocd"] - *terraform.NodeApplyableProvider
    var.GIT_USERNAME - *terraform.NodeRootVariable
    var.clusters - *terraform.NodeRootVariable
  provider["registry.terraform.io/oboukili/argocd"] - *terraform.NodeApplyableProvider
  provider["registry.terraform.io/oboukili/argocd"] (close) - *terraform.graphNodeCloseProvider
    argocd_application.simple-webapp - *terraform.NodeApplyableResourceInstance
    argocd_application.simple-webapp (expand) - *terraform.nodeExpandApplyableResource
    provider["registry.terraform.io/oboukili/argocd"] - *terraform.NodeApplyableProvider
  var.GIT_USERNAME - *terraform.NodeRootVariable
  var.clusters - *terraform.NodeRootVariable
  ------
2021/06/04 05:08:53 [TRACE] Executing graph transform *terraform.CloseProvisionerTransformer
2021/06/04 05:08:53 [TRACE] Completed graph transform *terraform.CloseProvisionerTransformer (no changes)
2021/06/04 05:08:53 [TRACE] Executing graph transform *terraform.CloseRootModuleTransformer
2021/06/04 05:08:53 [TRACE] Completed graph transform *terraform.CloseRootModuleTransformer with new graph:
  argocd_application.simple-webapp - *terraform.NodeApplyableResourceInstance
    argocd_application.simple-webapp (expand) - *terraform.nodeExpandApplyableResource
    provider["registry.terraform.io/oboukili/argocd"] - *terraform.NodeApplyableProvider
  argocd_application.simple-webapp (expand) - *terraform.nodeExpandApplyableResource
    provider["registry.terraform.io/oboukili/argocd"] - *terraform.NodeApplyableProvider
  meta.count-boundary (EachMode fixup) - *terraform.NodeCountBoundary
    argocd_application.simple-webapp - *terraform.NodeApplyableResourceInstance
    argocd_application.simple-webapp (expand) - *terraform.nodeExpandApplyableResource
    provider["registry.terraform.io/oboukili/argocd"] - *terraform.NodeApplyableProvider
    var.GIT_USERNAME - *terraform.NodeRootVariable
    var.clusters - *terraform.NodeRootVariable
  provider["registry.terraform.io/oboukili/argocd"] - *terraform.NodeApplyableProvider
  provider["registry.terraform.io/oboukili/argocd"] (close) - *terraform.graphNodeCloseProvider
    argocd_application.simple-webapp - *terraform.NodeApplyableResourceInstance
    argocd_application.simple-webapp (expand) - *terraform.nodeExpandApplyableResource
    provider["registry.terraform.io/oboukili/argocd"] - *terraform.NodeApplyableProvider
  root - *terraform.nodeCloseModule
    meta.count-boundary (EachMode fixup) - *terraform.NodeCountBoundary
    provider["registry.terraform.io/oboukili/argocd"] (close) - *terraform.graphNodeCloseProvider
  var.GIT_USERNAME - *terraform.NodeRootVariable
  var.clusters - *terraform.NodeRootVariable
  ------
2021/06/04 05:08:53 [TRACE] Executing graph transform *terraform.TransitiveReductionTransformer
2021/06/04 05:08:53 [TRACE] Completed graph transform *terraform.TransitiveReductionTransformer with new graph:
  argocd_application.simple-webapp - *terraform.NodeApplyableResourceInstance
    argocd_application.simple-webapp (expand) - *terraform.nodeExpandApplyableResource
  argocd_application.simple-webapp (expand) - *terraform.nodeExpandApplyableResource
    provider["registry.terraform.io/oboukili/argocd"] - *terraform.NodeApplyableProvider
  meta.count-boundary (EachMode fixup) - *terraform.NodeCountBoundary
    argocd_application.simple-webapp - *terraform.NodeApplyableResourceInstance
    var.GIT_USERNAME - *terraform.NodeRootVariable
    var.clusters - *terraform.NodeRootVariable
  provider["registry.terraform.io/oboukili/argocd"] - *terraform.NodeApplyableProvider
  provider["registry.terraform.io/oboukili/argocd"] (close) - *terraform.graphNodeCloseProvider
    argocd_application.simple-webapp - *terraform.NodeApplyableResourceInstance
  root - *terraform.nodeCloseModule
    meta.count-boundary (EachMode fixup) - *terraform.NodeCountBoundary
    provider["registry.terraform.io/oboukili/argocd"] (close) - *terraform.graphNodeCloseProvider
  var.GIT_USERNAME - *terraform.NodeRootVariable
  var.clusters - *terraform.NodeRootVariable
  ------
2021/06/04 05:08:53 [DEBUG] Starting graph walk: walkApply
2021/06/04 05:08:53 [TRACE] dag/walk: visiting "var.clusters"
2021/06/04 05:08:53 [TRACE] vertex "var.clusters": starting visit (*terraform.NodeRootVariable)
2021/06/04 05:08:53 [TRACE] vertex "var.clusters": visit complete
2021/06/04 05:08:53 [TRACE] dag/walk: visiting "var.GIT_USERNAME"
2021/06/04 05:08:53 [TRACE] vertex "var.GIT_USERNAME": starting visit (*terraform.NodeRootVariable)
2021/06/04 05:08:53 [TRACE] vertex "var.GIT_USERNAME": visit complete
2021/06/04 05:08:53 [TRACE] dag/walk: visiting "provider[\"registry.terraform.io/oboukili/argocd\"]"
2021/06/04 05:08:53 [TRACE] vertex "provider[\"registry.terraform.io/oboukili/argocd\"]": starting visit (*terraform.NodeApplyableProvider)
2021-06-04T05:08:53.918-0700 [INFO]  plugin: configuring client automatic mTLS
2021-06-04T05:08:53.974-0700 [DEBUG] plugin: starting plugin: path=.terraform/providers/registry.terraform.io/oboukili/argocd/1.2.1/linux_amd64/terraform-provider-argocd_v1.2.1 args=[.terraform/providers/registry.terraform.io/oboukili/argocd/1.2.1/linux_amd64/terraform-provider-argocd_v1.2.1]
2021-06-04T05:08:53.975-0700 [DEBUG] plugin: plugin started: path=.terraform/providers/registry.terraform.io/oboukili/argocd/1.2.1/linux_amd64/terraform-provider-argocd_v1.2.1 pid=71137
2021-06-04T05:08:53.975-0700 [DEBUG] plugin: waiting for RPC address: path=.terraform/providers/registry.terraform.io/oboukili/argocd/1.2.1/linux_amd64/terraform-provider-argocd_v1.2.1
2021-06-04T05:08:54.017-0700 [INFO]  plugin.terraform-provider-argocd_v1.2.1: configuring server automatic mTLS: timestamp=2021-06-04T05:08:54.017-0700
2021-06-04T05:08:54.041-0700 [DEBUG] plugin.terraform-provider-argocd_v1.2.1: plugin address: address=/tmp/plugin174419174 network=unix timestamp=2021-06-04T05:08:54.041-0700
2021-06-04T05:08:54.041-0700 [DEBUG] plugin: using plugin: version=5
2021/06/04 05:08:54 [TRACE] BuiltinEvalContext: Initialized "provider[\"registry.terraform.io/oboukili/argocd\"]" provider for provider["registry.terraform.io/oboukili/argocd"]
2021/06/04 05:08:54 [TRACE] buildProviderConfig for provider["registry.terraform.io/oboukili/argocd"]: using explicit config only
2021/06/04 05:08:54 [TRACE] GRPCProvider: GetSchema
2021-06-04T05:08:54.089-0700 [TRACE] plugin.stdio: waiting for stdio data
2021/06/04 05:08:54 [TRACE] No provider meta schema returned
2021/06/04 05:08:54 [TRACE] GRPCProvider: Configure
2021/06/04 05:08:58 [TRACE] dag/walk: vertex "meta.count-boundary (EachMode fixup)" is waiting for "argocd_application.simple-webapp"
2021/06/04 05:08:58 [TRACE] dag/walk: vertex "argocd_application.simple-webapp" is waiting for "argocd_application.simple-webapp (expand)"
2021/06/04 05:08:58 [TRACE] dag/walk: vertex "root" is waiting for "meta.count-boundary (EachMode fixup)"
2021/06/04 05:08:58 [TRACE] dag/walk: vertex "provider[\"registry.terraform.io/oboukili/argocd\"] (close)" is waiting for "argocd_application.simple-webapp"
2021/06/04 05:08:58 [TRACE] dag/walk: vertex "argocd_application.simple-webapp (expand)" is waiting for "provider[\"registry.terraform.io/oboukili/argocd\"]"
2021/06/04 05:09:03 [TRACE] dag/walk: vertex "argocd_application.simple-webapp (expand)" is waiting for "provider[\"registry.terraform.io/oboukili/argocd\"]"
2021/06/04 05:09:03 [TRACE] dag/walk: vertex "argocd_application.simple-webapp" is waiting for "argocd_application.simple-webapp (expand)"
2021/06/04 05:09:03 [TRACE] dag/walk: vertex "provider[\"registry.terraform.io/oboukili/argocd\"] (close)" is waiting for "argocd_application.simple-webapp"
2021/06/04 05:09:03 [TRACE] dag/walk: vertex "root" is waiting for "meta.count-boundary (EachMode fixup)"
2021/06/04 05:09:03 [TRACE] dag/walk: vertex "meta.count-boundary (EachMode fixup)" is waiting for "argocd_application.simple-webapp"
2021/06/04 05:09:08 [TRACE] dag/walk: vertex "root" is waiting for "meta.count-boundary (EachMode fixup)"
2021/06/04 05:09:08 [TRACE] dag/walk: vertex "argocd_application.simple-webapp (expand)" is waiting for "provider[\"registry.terraform.io/oboukili/argocd\"]"
2021/06/04 05:09:08 [TRACE] dag/walk: vertex "argocd_application.simple-webapp" is waiting for "argocd_application.simple-webapp (expand)"
2021/06/04 05:09:08 [TRACE] dag/walk: vertex "meta.count-boundary (EachMode fixup)" is waiting for "argocd_application.simple-webapp"
2021/06/04 05:09:08 [TRACE] dag/walk: vertex "provider[\"registry.terraform.io/oboukili/argocd\"] (close)" is waiting for "argocd_application.simple-webapp"
2021/06/04 05:09:13 [TRACE] dag/walk: vertex "root" is waiting for "meta.count-boundary (EachMode fixup)"
2021/06/04 05:09:13 [TRACE] dag/walk: vertex "argocd_application.simple-webapp" is waiting for "argocd_application.simple-webapp (expand)"
2021/06/04 05:09:13 [TRACE] dag/walk: vertex "meta.count-boundary (EachMode fixup)" is waiting for "argocd_application.simple-webapp"
2021/06/04 05:09:13 [TRACE] dag/walk: vertex "provider[\"registry.terraform.io/oboukili/argocd\"] (close)" is waiting for "argocd_application.simple-webapp"
2021/06/04 05:09:13 [TRACE] dag/walk: vertex "argocd_application.simple-webapp (expand)" is waiting for "provider[\"registry.terraform.io/oboukili/argocd\"]"
2021/06/04 05:09:18 [TRACE] dag/walk: vertex "argocd_application.simple-webapp (expand)" is waiting for "provider[\"registry.terraform.io/oboukili/argocd\"]"
2021/06/04 05:09:18 [TRACE] dag/walk: vertex "meta.count-boundary (EachMode fixup)" is waiting for "argocd_application.simple-webapp"
2021/06/04 05:09:18 [TRACE] dag/walk: vertex "root" is waiting for "meta.count-boundary (EachMode fixup)"
2021/06/04 05:09:18 [TRACE] dag/walk: vertex "argocd_application.simple-webapp" is waiting for "argocd_application.simple-webapp (expand)"
2021/06/04 05:09:18 [TRACE] dag/walk: vertex "provider[\"registry.terraform.io/oboukili/argocd\"] (close)" is waiting for "argocd_application.simple-webapp"
2021/06/04 05:09:23 [TRACE] dag/walk: vertex "provider[\"registry.terraform.io/oboukili/argocd\"] (close)" is waiting for "argocd_application.simple-webapp"
2021/06/04 05:09:23 [TRACE] dag/walk: vertex "root" is waiting for "meta.count-boundary (EachMode fixup)"
2021/06/04 05:09:23 [TRACE] dag/walk: vertex "meta.count-boundary (EachMode fixup)" is waiting for "argocd_application.simple-webapp"
2021/06/04 05:09:23 [TRACE] dag/walk: vertex "argocd_application.simple-webapp" is waiting for "argocd_application.simple-webapp (expand)"
2021/06/04 05:09:23 [TRACE] dag/walk: vertex "argocd_application.simple-webapp (expand)" is waiting for "provider[\"registry.terraform.io/oboukili/argocd\"]"
2021/06/04 05:09:27 [TRACE] vertex "provider[\"registry.terraform.io/oboukili/argocd\"]": visit complete
2021/06/04 05:09:27 [TRACE] dag/walk: visiting "argocd_application.simple-webapp (expand)"
2021/06/04 05:09:27 [TRACE] vertex "argocd_application.simple-webapp (expand)": starting visit (*terraform.nodeExpandApplyableResource)
2021/06/04 05:09:27 [TRACE] vertex "argocd_application.simple-webapp (expand)": expanding dynamic subgraph
2021/06/04 05:09:27 [TRACE] vertex "argocd_application.simple-webapp (expand)": entering dynamic subgraph
2021/06/04 05:09:27 [TRACE] dag/walk: visiting "argocd_application.simple-webapp"
2021/06/04 05:09:27 [TRACE] vertex "argocd_application.simple-webapp": starting visit (*terraform.NodeApplyableResource)
2021/06/04 05:09:27 [TRACE] vertex "argocd_application.simple-webapp": visit complete
2021/06/04 05:09:27 [TRACE] vertex "argocd_application.simple-webapp (expand)": dynamic subgraph completed successfully
2021/06/04 05:09:27 [TRACE] vertex "argocd_application.simple-webapp (expand)": visit complete
2021/06/04 05:09:27 [TRACE] dag/walk: visiting "argocd_application.simple-webapp"
2021/06/04 05:09:27 [TRACE] vertex "argocd_application.simple-webapp": starting visit (*terraform.NodeApplyableResourceInstance)
2021/06/04 05:09:27 [TRACE] EvalReadDiff: Read Create change from plan for argocd_application.simple-webapp
2021/06/04 05:09:27 [TRACE] EvalReadState: reading state for argocd_application.simple-webapp
2021/06/04 05:09:27 [TRACE] EvalReadState: no state present for argocd_application.simple-webapp
2021/06/04 05:09:27 [TRACE] EvalReadDiff: Read Create change from plan for argocd_application.simple-webapp
2021/06/04 05:09:27 [TRACE] Re-validating config for "argocd_application.simple-webapp"
2021/06/04 05:09:27 [TRACE] GRPCProvider: ValidateResourceTypeConfig
2021/06/04 05:09:27 [TRACE] GRPCProvider: PlanResourceChange
2021/06/04 05:09:27 [WARN] Provider "registry.terraform.io/oboukili/argocd" produced an invalid plan for argocd_application.simple-webapp, but we are tolerating it because it is using the legacy plugin SDK.
    The following problems may be the cause of any confusing errors from downstream operations:
      - .metadata[0].labels: planned value cty.NullVal(cty.Map(cty.String)) does not match config value cty.MapValEmpty(cty.String)
      - .spec[0].project: planned value cty.StringVal("default") does not match config value cty.NullVal(cty.String)
      - .spec[0].source[0].helm[0].parameter: attribute representing a set of nested blocks must be empty to indicate no blocks, not null
2021/06/04 05:09:27 [TRACE] EvalCheckPlannedChange: Verifying that actual change (action Create) matches planned change (action Create)
2021/06/04 05:09:27 [TRACE] EvalReadState: reading state for argocd_application.simple-webapp
2021/06/04 05:09:27 [TRACE] EvalReadState: no state present for argocd_application.simple-webapp
2021/06/04 05:09:27 [DEBUG] EvalApply: ProviderMeta config value set
2021/06/04 05:09:27 [DEBUG] argocd_application.simple-webapp: applying the planned Create change
2021/06/04 05:09:27 [TRACE] GRPCProvider: ApplyResourceChange
2021-06-04T05:09:27.990-0700 [DEBUG] plugin.terraform-provider-argocd_v1.2.1: panic: interface conversion: interface {} is nil, not map[string]interface {}
2021-06-04T05:09:27.990-0700 [DEBUG] plugin.terraform-provider-argocd_v1.2.1: 
2021-06-04T05:09:27.990-0700 [DEBUG] plugin.terraform-provider-argocd_v1.2.1: goroutine 79 [running]:
2021-06-04T05:09:27.990-0700 [DEBUG] plugin.terraform-provider-argocd_v1.2.1: github.com/oboukili/terraform-provider-argocd/argocd.expandApplicationSourceHelm(0xc000bf1e40, 0x1, 0x1, 0x4)
2021-06-04T05:09:27.990-0700 [DEBUG] plugin.terraform-provider-argocd_v1.2.1: 	github.com/oboukili/terraform-provider-argocd/argocd/structure_application.go:221 +0x7a7
2021-06-04T05:09:27.990-0700 [DEBUG] plugin.terraform-provider-argocd_v1.2.1: github.com/oboukili/terraform-provider-argocd/argocd.expandApplicationSource(0x2206920, 0xc000677740, 0xc000e7c030, 0x22, 0xc00103c2e0, 0x19, 0xc0010202c8, 0x5, 0x0, 0x0, ...)
2021-06-04T05:09:27.990-0700 [DEBUG] plugin.terraform-provider-argocd_v1.2.1: 	github.com/oboukili/terraform-provider-argocd/argocd/structure_application.go:70 +0x267
2021-06-04T05:09:27.990-0700 [DEBUG] plugin.terraform-provider-argocd_v1.2.1: github.com/oboukili/terraform-provider-argocd/argocd.expandApplicationSpec(0xc0009f3810, 0x0, 0x0, 0x0, 0x0, 0x0, 0x0, 0x0, 0x0, 0x0, ...)
2021-06-04T05:09:27.990-0700 [DEBUG] plugin.terraform-provider-argocd_v1.2.1: 	github.com/oboukili/terraform-provider-argocd/argocd/structure_application.go:49 +0x491
2021-06-04T05:09:27.990-0700 [DEBUG] plugin.terraform-provider-argocd_v1.2.1: github.com/oboukili/terraform-provider-argocd/argocd.expandApplication(0xc0009f3810, 0xc0010201b0, 0xd, 0x0, 0x0, 0xc0010201c0, 0xa, 0x0, 0x0, 0x0, ...)
2021-06-04T05:09:27.990-0700 [DEBUG] plugin.terraform-provider-argocd_v1.2.1: 	github.com/oboukili/terraform-provider-argocd/argocd/structure_application.go:19 +0x106
2021-06-04T05:09:27.990-0700 [DEBUG] plugin.terraform-provider-argocd_v1.2.1: github.com/oboukili/terraform-provider-argocd/argocd.resourceArgoCDApplicationCreate(0xc0009f3810, 0x242e4a0, 0xc000f9c100, 0x2, 0x3ac6e60)
2021-06-04T05:09:27.990-0700 [DEBUG] plugin.terraform-provider-argocd_v1.2.1: 	github.com/oboukili/terraform-provider-argocd/argocd/resource_argocd_application.go:44 +0xc5
2021-06-04T05:09:27.990-0700 [DEBUG] plugin.terraform-provider-argocd_v1.2.1: github.com/hashicorp/terraform-plugin-sdk/helper/schema.(*Resource).Apply(0xc000b6eab0, 0xc00103adc0, 0xc0010233c0, 0x242e4a0, 0xc000f9c100, 0x2203501, 0xc0010b2e58, 0xc0006358f0)
2021-06-04T05:09:27.990-0700 [DEBUG] plugin.terraform-provider-argocd_v1.2.1: 	github.com/hashicorp/terraform-plugin-sdk@v1.16.0/helper/schema/resource.go:310 +0x375
2021-06-04T05:09:27.990-0700 [DEBUG] plugin.terraform-provider-argocd_v1.2.1: github.com/hashicorp/terraform-plugin-sdk/helper/schema.(*Provider).Apply(0xc00031dc00, 0xc0010fda38, 0xc00103adc0, 0xc0010233c0, 0xc0010f5948, 0xc00101ea58, 0x2206920)
2021-06-04T05:09:27.990-0700 [DEBUG] plugin.terraform-provider-argocd_v1.2.1: 	github.com/hashicorp/terraform-plugin-sdk@v1.16.0/helper/schema/provider.go:294 +0x99
2021-06-04T05:09:27.990-0700 [DEBUG] plugin.terraform-provider-argocd_v1.2.1: github.com/hashicorp/terraform-plugin-sdk/internal/helper/plugin.(*GRPCProviderServer).ApplyResourceChange(0xc000121ed0, 0x28c8840, 0xc00101c690, 0xc0009f2000, 0xc000121ed0, 0xc00101c690, 0xc000861ba0)
2021-06-04T05:09:27.990-0700 [DEBUG] plugin.terraform-provider-argocd_v1.2.1: 	github.com/hashicorp/terraform-plugin-sdk@v1.16.0/internal/helper/plugin/grpc_provider.go:885 +0x8ab
2021-06-04T05:09:27.990-0700 [DEBUG] plugin.terraform-provider-argocd_v1.2.1: github.com/hashicorp/terraform-plugin-sdk/internal/tfplugin5._Provider_ApplyResourceChange_Handler(0x2485ac0, 0xc000121ed0, 0x28c8840, 0xc00101c690, 0xc000710120, 0x0, 0x28c8840, 0xc00101c690, 0xc000f4d900, 0x488)
2021-06-04T05:09:27.990-0700 [DEBUG] plugin.terraform-provider-argocd_v1.2.1: 	github.com/hashicorp/terraform-plugin-sdk@v1.16.0/internal/tfplugin5/tfplugin5.pb.go:3305 +0x214
2021-06-04T05:09:27.990-0700 [DEBUG] plugin.terraform-provider-argocd_v1.2.1: google.golang.org/grpc.(*Server).processUnaryRPC(0xc0002921c0, 0x28e2b40, 0xc000603c80, 0xc000128300, 0xc000630d80, 0x3a68780, 0x0, 0x0, 0x0)
2021-06-04T05:09:27.990-0700 [DEBUG] plugin.terraform-provider-argocd_v1.2.1: 	google.golang.org/grpc@v1.30.0/server.go:1171 +0x522
2021-06-04T05:09:27.991-0700 [DEBUG] plugin.terraform-provider-argocd_v1.2.1: google.golang.org/grpc.(*Server).handleStream(0xc0002921c0, 0x28e2b40, 0xc000603c80, 0xc000128300, 0x0)
2021-06-04T05:09:27.991-0700 [DEBUG] plugin.terraform-provider-argocd_v1.2.1: 	google.golang.org/grpc@v1.30.0/server.go:1494 +0xcc5
2021-06-04T05:09:27.991-0700 [DEBUG] plugin.terraform-provider-argocd_v1.2.1: google.golang.org/grpc.(*Server).serveStreams.func1.2(0xc0003104a0, 0xc0002921c0, 0x28e2b40, 0xc000603c80, 0xc000128300)
2021-06-04T05:09:27.991-0700 [DEBUG] plugin.terraform-provider-argocd_v1.2.1: 	google.golang.org/grpc@v1.30.0/server.go:834 +0xa5
2021-06-04T05:09:27.991-0700 [DEBUG] plugin.terraform-provider-argocd_v1.2.1: created by google.golang.org/grpc.(*Server).serveStreams.func1
2021-06-04T05:09:27.991-0700 [DEBUG] plugin.terraform-provider-argocd_v1.2.1: 	google.golang.org/grpc@v1.30.0/server.go:832 +0x1fd
2021-06-04T05:09:27.997-0700 [DEBUG] plugin: plugin process exited: path=.terraform/providers/registry.terraform.io/oboukili/argocd/1.2.1/linux_amd64/terraform-provider-argocd_v1.2.1 pid=71137 error="exit status 2"
2021-06-04T05:09:27.997-0700 [WARN]  plugin.stdio: received EOF, stopping recv loop: err="rpc error: code = Unavailable desc = transport is closing"
2021/06/04 05:09:27 [DEBUG] argocd_application.simple-webapp: apply errored, but we're indicating that via the Error pointer rather than returning it: rpc error: code = Unavailable desc = transport is closing
2021/06/04 05:09:27 [TRACE] EvalMaybeTainted: argocd_application.simple-webapp encountered an error during creation, so it is now marked as tainted
2021/06/04 05:09:27 [TRACE] EvalWriteState: removing state object for argocd_application.simple-webapp
2021/06/04 05:09:27 [TRACE] EvalApplyProvisioners: argocd_application.simple-webapp has no state, so skipping provisioners
2021/06/04 05:09:27 [TRACE] EvalMaybeTainted: argocd_application.simple-webapp encountered an error during creation, so it is now marked as tainted
2021/06/04 05:09:27 [TRACE] EvalWriteState: removing state object for argocd_application.simple-webapp
2021/06/04 05:09:27 [TRACE] vertex "argocd_application.simple-webapp": visit complete
2021/06/04 05:09:27 [TRACE] dag/walk: upstream of "provider[\"registry.terraform.io/oboukili/argocd\"] (close)" errored, so skipping
2021/06/04 05:09:27 [TRACE] dag/walk: upstream of "meta.count-boundary (EachMode fixup)" errored, so skipping
2021/06/04 05:09:27 [TRACE] dag/walk: upstream of "root" errored, so skipping
2021/06/04 05:09:27 [TRACE] statemgr.Filesystem: not making a backup, because the new snapshot is identical to the old
2021/06/04 05:09:28 [TRACE] statemgr.Filesystem: no state changes since last snapshot
2021/06/04 05:09:28 [TRACE] statemgr.Filesystem: writing snapshot at terraform.tfstate
2021/06/04 05:09:28 [TRACE] statemgr.Filesystem: removing lock metadata file .terraform.tfstate.lock.info
2021/06/04 05:09:28 [TRACE] statemgr.Filesystem: unlocking terraform.tfstate using fcntl flock
2021-06-04T05:09:28.003-0700 [DEBUG] plugin: plugin exited
